ELF Header:
  Magic:   7f 45 4c 46 01 01 01 00 00 00 00 00 00 00 00 00 
  Class:                             ELF32
  Data:                              2's complement, little endian
  Version:                           1 (current)
  OS/ABI:                            UNIX - System V
  ABI Version:                       0
  Type:                              REL (Relocatable file)
  Machine:                           ARM
  Version:                           0x1
  Entry point address:               0x0
  Start of program headers:          0 (bytes into file)
  Start of section headers:          44064 (bytes into file)
  Flags:                             0x5000000, Version5 EABI
  Size of this header:               52 (bytes)
  Size of program headers:           0 (bytes)
  Number of program headers:         0
  Size of section headers:           40 (bytes)
  Number of section headers:         104
  Section header string table index: 101

Section Headers:
  [Nr] Name              Type            Addr     Off    Size   ES Flg Lk Inf Al
  [ 0]                   NULL            00000000 000000 000000 00      0   0  0
  [ 1] .group            GROUP           00000000 000034 000008 04     102  46  4
  [ 2] .group            GROUP           00000000 00003c 000008 04     102  47  4
  [ 3] .group            GROUP           00000000 000044 000008 04     102  48  4
  [ 4] .group            GROUP           00000000 00004c 000008 04     102  49  4
  [ 5] .group            GROUP           00000000 000054 000008 04     102  50  4
  [ 6] .group            GROUP           00000000 00005c 000008 04     102  51  4
  [ 7] .group            GROUP           00000000 000064 000008 04     102  52  4
  [ 8] .group            GROUP           00000000 00006c 000008 04     102  53  4
  [ 9] .group            GROUP           00000000 000074 000008 04     102  54  4
  [10] .group            GROUP           00000000 00007c 000008 04     102  55  4
  [11] .group            GROUP           00000000 000084 000008 04     102  56  4
  [12] .group            GROUP           00000000 00008c 000008 04     102  57  4
  [13] .group            GROUP           00000000 000094 000008 04     102  58  4
  [14] .group            GROUP           00000000 00009c 000008 04     102  59  4
  [15] .group            GROUP           00000000 0000a4 000008 04     102  60  4
  [16] .group            GROUP           00000000 0000ac 000008 04     102  61  4
  [17] .group            GROUP           00000000 0000b4 000008 04     102  62  4
  [18] .group            GROUP           00000000 0000bc 000008 04     102  63  4
  [19] .group            GROUP           00000000 0000c4 000008 04     102  64  4
  [20] .group            GROUP           00000000 0000cc 000008 04     102  65  4
  [21] .group            GROUP           00000000 0000d4 000008 04     102  66  4
  [22] .group            GROUP           00000000 0000dc 000008 04     102  67  4
  [23] .group            GROUP           00000000 0000e4 000008 04     102  68  4
  [24] .group            GROUP           00000000 0000ec 000008 04     102  69  4
  [25] .group            GROUP           00000000 0000f4 000008 04     102  70  4
  [26] .group            GROUP           00000000 0000fc 000008 04     102  71  4
  [27] .group            GROUP           00000000 000104 000008 04     102  72  4
  [28] .text             PROGBITS        00000000 00010c 000060 00  AX  0   0  4
  [29] .rel.text         REL             00000000 008e38 000038 08   I 102  28  4
  [30] .data             PROGBITS        00000000 00016c 000000 00  WA  0   0  1
  [31] .bss              NOBITS          00000000 00016c 000000 00  WA  0   0  1
  [32] .rodata           PROGBITS        00000000 00016c 000042 00   A  0   0  4
  [33] .debug_info       PROGBITS        00000000 0001ae 0000fb 00      0   0  1
  [34] .rel.debug_info   REL             00000000 008e70 0000d8 08   I 102  33  4
  [35] .debug_abbrev     PROGBITS        00000000 0002a9 00008e 00      0   0  1
  [36] .debug_aranges    PROGBITS        00000000 000337 000020 00      0   0  1
  [37] .rel.debug_arange REL             00000000 008f48 000010 08   I 102  36  4
  [38] .debug_macro      PROGBITS        00000000 000357 00017e 00      0   0  1
  [39] .rel.debug_macro  REL             00000000 008f58 000170 08   I 102  38  4
  [40] .debug_macro      PROGBITS        00000000 0004d5 000844 00   G  0   0  1
  [41] .rel.debug_macro  REL             00000000 0090c8 000b00 08   I 102  40  4
  [42] .debug_macro      PROGBITS        00000000 000d19 000022 00   G  0   0  1
  [43] .rel.debug_macro  REL             00000000 009bc8 000028 08   I 102  42  4
  [44] .debug_macro      PROGBITS        00000000 000d3b 00004c 00   G  0   0  1
  [45] .rel.debug_macro  REL             00000000 009bf0 000060 08   I 102  44  4
  [46] .debug_macro      PROGBITS        00000000 000d87 00008d 00   G  0   0  1
  [47] .rel.debug_macro  REL             00000000 009c50 0000a0 08   I 102  46  4
  [48] .debug_macro      PROGBITS        00000000 000e14 000035 00   G  0   0  1
  [49] .rel.debug_macro  REL             00000000 009cf0 000038 08   I 102  48  4
  [50] .debug_macro      PROGBITS        00000000 000e49 00009c 00   G  0   0  1
  [51] .rel.debug_macro  REL             00000000 009d28 0000c8 08   I 102  50  4
  [52] .debug_macro      PROGBITS        00000000 000ee5 000016 00   G  0   0  1
  [53] .rel.debug_macro  REL             00000000 009df0 000018 08   I 102  52  4
  [54] .debug_macro      PROGBITS        00000000 000efb 00004a 00   G  0   0  1
  [55] .rel.debug_macro  REL             00000000 009e08 000058 08   I 102  54  4
  [56] .debug_macro      PROGBITS        00000000 000f45 000097 00   G  0   0  1
  [57] .rel.debug_macro  REL             00000000 009e60 0000a8 08   I 102  56  4
  [58] .debug_macro      PROGBITS        00000000 000fdc 00030d 00   G  0   0  1
  [59] .rel.debug_macro  REL             00000000 009f08 000398 08   I 102  58  4
  [60] .debug_macro      PROGBITS        00000000 0012e9 0000fd 00   G  0   0  1
  [61] .rel.debug_macro  REL             00000000 00a2a0 000120 08   I 102  60  4
  [62] .debug_macro      PROGBITS        00000000 0013e6 000010 00   G  0   0  1
  [63] .rel.debug_macro  REL             00000000 00a3c0 000010 08   I 102  62  4
  [64] .debug_macro      PROGBITS        00000000 0013f6 000052 00   G  0   0  1
  [65] .rel.debug_macro  REL             00000000 00a3d0 000068 08   I 102  64  4
  [66] .debug_macro      PROGBITS        00000000 001448 00001f 00   G  0   0  1
  [67] .rel.debug_macro  REL             00000000 00a438 000020 08   I 102  66  4
  [68] .debug_macro      PROGBITS        00000000 001467 000043 00   G  0   0  1
  [69] .rel.debug_macro  REL             00000000 00a458 000048 08   I 102  68  4
  [70] .debug_macro      PROGBITS        00000000 0014aa 000020 00   G  0   0  1
  [71] .rel.debug_macro  REL             00000000 00a4a0 000020 08   I 102  70  4
  [72] .debug_macro      PROGBITS        00000000 0014ca 000187 00   G  0   0  1
  [73] .rel.debug_macro  REL             00000000 00a4c0 0001c0 08   I 102  72  4
  [74] .debug_macro      PROGBITS        00000000 001651 000010 00   G  0   0  1
  [75] .rel.debug_macro  REL             00000000 00a680 000010 08   I 102  74  4
  [76] .debug_macro      PROGBITS        00000000 001661 00005e 00   G  0   0  1
  [77] .rel.debug_macro  REL             00000000 00a690 000078 08   I 102  76  4
  [78] .debug_macro      PROGBITS        00000000 0016bf 00001c 00   G  0   0  1
  [79] .rel.debug_macro  REL             00000000 00a708 000020 08   I 102  78  4
  [80] .debug_macro      PROGBITS        00000000 0016db 000052 00   G  0   0  1
  [81] .rel.debug_macro  REL             00000000 00a728 000068 08   I 102  80  4
  [82] .debug_macro      PROGBITS        00000000 00172d 000040 00   G  0   0  1
  [83] .rel.debug_macro  REL             00000000 00a790 000050 08   I 102  82  4
  [84] .debug_macro      PROGBITS        00000000 00176d 000010 00   G  0   0  1
  [85] .rel.debug_macro  REL             00000000 00a7e0 000010 08   I 102  84  4
  [86] .debug_macro      PROGBITS        00000000 00177d 000040 00   G  0   0  1
  [87] .rel.debug_macro  REL             00000000 00a7f0 000050 08   I 102  86  4
  [88] .debug_macro      PROGBITS        00000000 0017bd 0000d7 00   G  0   0  1
  [89] .rel.debug_macro  REL             00000000 00a840 000100 08   I 102  88  4
  [90] .debug_macro      PROGBITS        00000000 001894 000016 00   G  0   0  1
  [91] .rel.debug_macro  REL             00000000 00a940 000018 08   I 102  90  4
  [92] .debug_macro      PROGBITS        00000000 0018aa 00018b 00   G  0   0  1
  [93] .rel.debug_macro  REL             00000000 00a958 0001d8 08   I 102  92  4
  [94] .debug_line       PROGBITS        00000000 001a35 0002de 00      0   0  1
  [95] .rel.debug_line   REL             00000000 00ab30 000008 08   I 102  94  4
  [96] .debug_str        PROGBITS        00000000 001d13 0063f7 01  MS  0   0  1
  [97] .comment          PROGBITS        00000000 00810a 00006f 01  MS  0   0  1
  [98] .debug_frame      PROGBITS        00000000 00817c 000050 00      0   0  4
  [99] .rel.debug_frame  REL             00000000 00ab38 000020 08   I 102  98  4
  [100] .ARM.attributes   ARM_ATTRIBUTES  00000000 0081cc 000030 00      0   0  1
  [101] .shstrtab         STRTAB          00000000 00ab58 0000c6 00      0   0  1
  [102] .symtab           SYMTAB          00000000 0081fc 0006c0 10     103 102  4
  [103] .strtab           STRTAB          00000000 0088bc 00057a 00      0   0  1
Key to Flags:
  W (write), A (alloc), X (execute), M (merge), S (strings), I (info),
  L (link order), O (extra OS processing required), G (group), T (TLS),
  C (compressed), x (unknown), o (OS specific), E (exclude),
  y (purecode), p (processor specific)

COMDAT group section [    1] `.group' [wm4.0.564a0a72fe02fc0180bc389f7fe1fe46] contains 1 sections:
   [Index]    Name
   [   40]   .debug_macro

COMDAT group section [    2] `.group' [wm4._newlib_version.h.4.ad342815780c8db09778091a421b5b5b] contains 1 sections:
   [Index]    Name
   [   42]   .debug_macro

COMDAT group section [    3] `.group' [wm4.newlib.h.21.0b9fc973bddc8b940a18de2b6ea6adc7] contains 1 sections:
   [Index]    Name
   [   44]   .debug_macro

COMDAT group section [    4] `.group' [wm4.features.h.22.5cdadbb3efe495d1c9e38350b8c376c7] contains 1 sections:
   [Index]    Name
   [   46]   .debug_macro

COMDAT group section [    5] `.group' [wm4.config.h.219.65a553ab5bef5482f0d7880b0d33015e] contains 1 sections:
   [Index]    Name
   [   48]   .debug_macro

COMDAT group section [    6] `.group' [wm4._ansi.h.23.9f8fcfa20193763fcf364fb91705c94b] contains 1 sections:
   [Index]    Name
   [   50]   .debug_macro

COMDAT group section [    7] `.group' [wm4.stdio.h.31.7c0e28c411445f3f9c5b11accf882760] contains 1 sections:
   [Index]    Name
   [   52]   .debug_macro

COMDAT group section [    8] `.group' [wm4._default_types.h.6.35ee9e747940367bf2a634907d1c2382] contains 1 sections:
   [Index]    Name
   [   54]   .debug_macro

COMDAT group section [    9] `.group' [wm4.stddef.h.187.2ff233552538c6ff9b8575ca8ea52cb3] contains 1 sections:
   [Index]    Name
   [   56]   .debug_macro

COMDAT group section [   10] `.group' [wm4.cdefs.h.47.ba62642086d429b4f95c2381cae1c0aa] contains 1 sections:
   [Index]    Name
   [   58]   .debug_macro

COMDAT group section [   11] `.group' [wm4.stddef.h.39.ec95e8feac892e292b69dc7ae75b0d64] contains 1 sections:
   [Index]    Name
   [   60]   .debug_macro

COMDAT group section [   12] `.group' [wm4.stdarg.h.34.3a23a216c0c293b3d2ea2e89281481e6] contains 1 sections:
   [Index]    Name
   [   62]   .debug_macro

COMDAT group section [   13] `.group' [wm4.lock.h.2.9bc98482741e5e2a9450b12934a684ea] contains 1 sections:
   [Index]    Name
   [   64]   .debug_macro

COMDAT group section [   14] `.group' [wm4._types.h.125.5cf8a495f1f7ef36777ad868a1e32068] contains 1 sections:
   [Index]    Name
   [   66]   .debug_macro

COMDAT group section [   15] `.group' [wm4.stddef.h.161.5349cb105733e8777bfb0cf53c4e3f34] contains 1 sections:
   [Index]    Name
   [   68]   .debug_macro

COMDAT group section [   16] `.group' [wm4._types.h.183.c226d164ceca1f2ecb9ae9360c54a098] contains 1 sections:
   [Index]    Name
   [   70]   .debug_macro

COMDAT group section [   17] `.group' [wm4.reent.h.17.23b059516345f8f5abfa01ddc379570f] contains 1 sections:
   [Index]    Name
   [   72]   .debug_macro

COMDAT group section [   18] `.group' [wm4.types.h.40.e8c16e7ec36ba55f133d0616070e25fc] contains 1 sections:
   [Index]    Name
   [   74]   .debug_macro

COMDAT group section [   19] `.group' [wm4._stdint.h.10.7a5f60e6741af4a5594a3867d347e1f9] contains 1 sections:
   [Index]    Name
   [   76]   .debug_macro

COMDAT group section [   20] `.group' [wm4._endian.h.31.65a10590763c3dde1ac4a7f66d7d4891] contains 1 sections:
   [Index]    Name
   [   78]   .debug_macro

COMDAT group section [   21] `.group' [wm4.endian.h.9.49f3a4695c1b61e8a0808de3c4a106cb] contains 1 sections:
   [Index]    Name
   [   80]   .debug_macro

COMDAT group section [   22] `.group' [wm4._timeval.h.30.0e8bfd94e85db17dda3286ee81496fe6] contains 1 sections:
   [Index]    Name
   [   82]   .debug_macro

COMDAT group section [   23] `.group' [wm4.timespec.h.41.d855182eb0e690443ab8651bcedca6e1] contains 1 sections:
   [Index]    Name
   [   84]   .debug_macro

COMDAT group section [   24] `.group' [wm4.select.h.30.bbece7fa40993a78092dcc5805132560] contains 1 sections:
   [Index]    Name
   [   86]   .debug_macro

COMDAT group section [   25] `.group' [wm4.types.h.69.ed3eae3cf73030a737515151ebcab7a1] contains 1 sections:
   [Index]    Name
   [   88]   .debug_macro

COMDAT group section [   26] `.group' [wm4.stdio.h.2.4aa87247282eca6c8f36f9de33d8df1a] contains 1 sections:
   [Index]    Name
   [   90]   .debug_macro

COMDAT group section [   27] `.group' [wm4.stdio.h.81.8188691c2279eac7a223caa50f6694b9] contains 1 sections:
   [Index]    Name
   [   92]   .debug_macro

There are no program headers in this file.

Relocation section '.rel.text' at offset 0x8e38 contains 7 entries:
 Offset     Info    Type            Sym.Value  Sym. Name
0000000c  0000670a R_ARM_THM_CALL    00000000   puts
0000001c  00000502 R_ARM_ABS32       00000000   .rodata
0000002a  0000690a R_ARM_THM_CALL    00000000   printf
00000032  00006a0a R_ARM_THM_CALL    00000000   Secure_LED_On_callback
00000038  00006b0a R_ARM_THM_CALL    00000000   Secure_LED_On
00000054  00000502 R_ARM_ABS32       00000000   .rodata
00000058  00006602 R_ARM_ABS32       00000001   NonSecure_LED_On

Relocation section '.rel.debug_info' at offset 0x8e70 contains 27 entries:
 Offset     Info    Type            Sym.Value  Sym. Name
00000006  00000c02 R_ARM_ABS32       00000000   .debug_abbrev
0000000c  00001002 R_ARM_ABS32       00000000   .debug_str
00000011  00001002 R_ARM_ABS32       00000000   .debug_str
00000015  00001002 R_ARM_ABS32       00000000   .debug_str
00000019  00000202 R_ARM_ABS32       00000000   .text
00000021  00000f02 R_ARM_ABS32       00000000   .debug_line
00000025  00000e02 R_ARM_ABS32       00000000   .debug_macro
0000002c  00001002 R_ARM_ABS32       00000000   .debug_str
00000033  00001002 R_ARM_ABS32       00000000   .debug_str
0000003a  00001002 R_ARM_ABS32       00000000   .debug_str
00000041  00001002 R_ARM_ABS32       00000000   .debug_str
00000046  00001002 R_ARM_ABS32       00000000   .debug_str
00000053  00001002 R_ARM_ABS32       00000000   .debug_str
00000058  00001002 R_ARM_ABS32       00000000   .debug_str
00000065  00001002 R_ARM_ABS32       00000000   .debug_str
0000006c  00001002 R_ARM_ABS32       00000000   .debug_str
00000073  00001002 R_ARM_ABS32       00000000   .debug_str
00000081  00001002 R_ARM_ABS32       00000000   .debug_str
00000088  00001002 R_ARM_ABS32       00000000   .debug_str
0000008f  00001002 R_ARM_ABS32       00000000   .debug_str
00000096  00001002 R_ARM_ABS32       00000000   .debug_str
0000009b  00001002 R_ARM_ABS32       00000000   .debug_str
000000a6  00001002 R_ARM_ABS32       00000000   .debug_str
000000b1  00001002 R_ARM_ABS32       00000000   .debug_str
000000bb  00000202 R_ARM_ABS32       00000000   .text
000000d9  00001002 R_ARM_ABS32       00000000   .debug_str
000000e3  00000202 R_ARM_ABS32       00000000   .text

Relocation section '.rel.debug_aranges' at offset 0x8f48 contains 2 entries:
 Offset     Info    Type            Sym.Value  Sym. Name
00000006  00000b02 R_ARM_ABS32       00000000   .debug_info
00000010  00000202 R_ARM_ABS32       00000000   .text

Relocation section '.rel.debug_macro' at offset 0x8f58 contains 46 entries:
 Offset     Info    Type            Sym.Value  Sym. Name
00000003  00000f02 R_ARM_ABS32       00000000   .debug_line
00000008  00001202 R_ARM_ABS32       00000000   .debug_macro
00000014  00001002 R_ARM_ABS32       00000000   .debug_str
0000001d  00001002 R_ARM_ABS32       00000000   .debug_str
00000026  00001002 R_ARM_ABS32       00000000   .debug_str
0000002e  00001302 R_ARM_ABS32       00000000   .debug_macro
00000034  00001402 R_ARM_ABS32       00000000   .debug_macro
0000003e  00001002 R_ARM_ABS32       00000000   .debug_str
00000047  00001002 R_ARM_ABS32       00000000   .debug_str
00000050  00001502 R_ARM_ABS32       00000000   .debug_macro
00000056  00001602 R_ARM_ABS32       00000000   .debug_macro
0000005c  00001702 R_ARM_ABS32       00000000   .debug_macro
00000062  00001802 R_ARM_ABS32       00000000   .debug_macro
0000006b  00001002 R_ARM_ABS32       00000000   .debug_str
00000073  00001902 R_ARM_ABS32       00000000   .debug_macro
0000007c  00001a02 R_ARM_ABS32       00000000   .debug_macro
00000082  00001b02 R_ARM_ABS32       00000000   .debug_macro
0000008b  00001c02 R_ARM_ABS32       00000000   .debug_macro
00000092  00001002 R_ARM_ABS32       00000000   .debug_str
0000009a  00001d02 R_ARM_ABS32       00000000   .debug_macro
000000a1  00001002 R_ARM_ABS32       00000000   .debug_str
000000aa  00001002 R_ARM_ABS32       00000000   .debug_str
000000bb  00001002 R_ARM_ABS32       00000000   .debug_str
000000c4  00001002 R_ARM_ABS32       00000000   .debug_str
000000cd  00001e02 R_ARM_ABS32       00000000   .debug_macro
000000d3  00001f02 R_ARM_ABS32       00000000   .debug_macro
000000dc  00002002 R_ARM_ABS32       00000000   .debug_macro
000000e2  00002102 R_ARM_ABS32       00000000   .debug_macro
000000e8  00002202 R_ARM_ABS32       00000000   .debug_macro
000000f1  00002302 R_ARM_ABS32       00000000   .debug_macro
000000fd  00002402 R_ARM_ABS32       00000000   .debug_macro
00000107  00001002 R_ARM_ABS32       00000000   .debug_str
0000010f  00002502 R_ARM_ABS32       00000000   .debug_macro
00000115  00002602 R_ARM_ABS32       00000000   .debug_macro
0000011f  00001002 R_ARM_ABS32       00000000   .debug_str
00000128  00001002 R_ARM_ABS32       00000000   .debug_str
00000131  00002702 R_ARM_ABS32       00000000   .debug_macro
0000013b  00001002 R_ARM_ABS32       00000000   .debug_str
00000144  00001002 R_ARM_ABS32       00000000   .debug_str
0000014a  00002802 R_ARM_ABS32       00000000   .debug_macro
00000150  00002902 R_ARM_ABS32       00000000   .debug_macro
00000156  00002a02 R_ARM_ABS32       00000000   .debug_macro
00000162  00001002 R_ARM_ABS32       00000000   .debug_str
00000169  00001002 R_ARM_ABS32       00000000   .debug_str
00000171  00002b02 R_ARM_ABS32       00000000   .debug_macro
00000177  00002c02 R_ARM_ABS32       00000000   .debug_macro

Relocation section '.rel.debug_macro' at offset 0x90c8 contains 352 entries:
 Offset     Info    Type            Sym.Value  Sym. Name
00000005  00001002 R_ARM_ABS32       00000000   .debug_str
0000000b  00001002 R_ARM_ABS32       00000000   .debug_str
00000011  00001002 R_ARM_ABS32       00000000   .debug_str
00000017  00001002 R_ARM_ABS32       00000000   .debug_str
0000001d  00001002 R_ARM_ABS32       00000000   .debug_str
00000023  00001002 R_ARM_ABS32       00000000   .debug_str
00000029  00001002 R_ARM_ABS32       00000000   .debug_str
0000002f  00001002 R_ARM_ABS32       00000000   .debug_str
00000035  00001002 R_ARM_ABS32       00000000   .debug_str
0000003b  00001002 R_ARM_ABS32       00000000   .debug_str
00000041  00001002 R_ARM_ABS32       00000000   .debug_str
00000047  00001002 R_ARM_ABS32       00000000   .debug_str
0000004d  00001002 R_ARM_ABS32       00000000   .debug_str
00000053  00001002 R_ARM_ABS32       00000000   .debug_str
00000059  00001002 R_ARM_ABS32       00000000   .debug_str
0000005f  00001002 R_ARM_ABS32       00000000   .debug_str
00000065  00001002 R_ARM_ABS32       00000000   .debug_str
0000006b  00001002 R_ARM_ABS32       00000000   .debug_str
00000071  00001002 R_ARM_ABS32       00000000   .debug_str
00000077  00001002 R_ARM_ABS32       00000000   .debug_str
0000007d  00001002 R_ARM_ABS32       00000000   .debug_str
00000083  00001002 R_ARM_ABS32       00000000   .debug_str
00000089  00001002 R_ARM_ABS32       00000000   .debug_str
0000008f  00001002 R_ARM_ABS32       00000000   .debug_str
00000095  00001002 R_ARM_ABS32       00000000   .debug_str
0000009b  00001002 R_ARM_ABS32       00000000   .debug_str
000000a1  00001002 R_ARM_ABS32       00000000   .debug_str
000000a7  00001002 R_ARM_ABS32       00000000   .debug_str
000000ad  00001002 R_ARM_ABS32       00000000   .debug_str
000000b3  00001002 R_ARM_ABS32       00000000   .debug_str
000000b9  00001002 R_ARM_ABS32       00000000   .debug_str
000000bf  00001002 R_ARM_ABS32       00000000   .debug_str
000000c5  00001002 R_ARM_ABS32       00000000   .debug_str
000000cb  00001002 R_ARM_ABS32       00000000   .debug_str
000000d1  00001002 R_ARM_ABS32       00000000   .debug_str
000000d7  00001002 R_ARM_ABS32       00000000   .debug_str
000000dd  00001002 R_ARM_ABS32       00000000   .debug_str
000000e3  00001002 R_ARM_ABS32       00000000   .debug_str
000000e9  00001002 R_ARM_ABS32       00000000   .debug_str
000000ef  00001002 R_ARM_ABS32       00000000   .debug_str
000000f5  00001002 R_ARM_ABS32       00000000   .debug_str
000000fb  00001002 R_ARM_ABS32       00000000   .debug_str
00000101  00001002 R_ARM_ABS32       00000000   .debug_str
00000107  00001002 R_ARM_ABS32       00000000   .debug_str
0000010d  00001002 R_ARM_ABS32       00000000   .debug_str
00000113  00001002 R_ARM_ABS32       00000000   .debug_str
00000119  00001002 R_ARM_ABS32       00000000   .debug_str
0000011f  00001002 R_ARM_ABS32       00000000   .debug_str
00000125  00001002 R_ARM_ABS32       00000000   .debug_str
0000012b  00001002 R_ARM_ABS32       00000000   .debug_str
00000131  00001002 R_ARM_ABS32       00000000   .debug_str
00000137  00001002 R_ARM_ABS32       00000000   .debug_str
0000013d  00001002 R_ARM_ABS32       00000000   .debug_str
00000143  00001002 R_ARM_ABS32       00000000   .debug_str
00000149  00001002 R_ARM_ABS32       00000000   .debug_str
0000014f  00001002 R_ARM_ABS32       00000000   .debug_str
00000155  00001002 R_ARM_ABS32       00000000   .debug_str
0000015b  00001002 R_ARM_ABS32       00000000   .debug_str
00000161  00001002 R_ARM_ABS32       00000000   .debug_str
00000167  00001002 R_ARM_ABS32       00000000   .debug_str
0000016d  00001002 R_ARM_ABS32       00000000   .debug_str
00000173  00001002 R_ARM_ABS32       00000000   .debug_str
00000179  00001002 R_ARM_ABS32       00000000   .debug_str
0000017f  00001002 R_ARM_ABS32       00000000   .debug_str
00000185  00001002 R_ARM_ABS32       00000000   .debug_str
0000018b  00001002 R_ARM_ABS32       00000000   .debug_str
00000191  00001002 R_ARM_ABS32       00000000   .debug_str
00000197  00001002 R_ARM_ABS32       00000000   .debug_str
0000019d  00001002 R_ARM_ABS32       00000000   .debug_str
000001a3  00001002 R_ARM_ABS32       00000000   .debug_str
000001a9  00001002 R_ARM_ABS32       00000000   .debug_str
000001af  00001002 R_ARM_ABS32       00000000   .debug_str
000001b5  00001002 R_ARM_ABS32       00000000   .debug_str
000001bb  00001002 R_ARM_ABS32       00000000   .debug_str
000001c1  00001002 R_ARM_ABS32       00000000   .debug_str
000001c7  00001002 R_ARM_ABS32       00000000   .debug_str
000001cd  00001002 R_ARM_ABS32       00000000   .debug_str
000001d3  00001002 R_ARM_ABS32       00000000   .debug_str
000001d9  00001002 R_ARM_ABS32       00000000   .debug_str
000001df  00001002 R_ARM_ABS32       00000000   .debug_str
000001e5  00001002 R_ARM_ABS32       00000000   .debug_str
000001eb  00001002 R_ARM_ABS32       00000000   .debug_str
000001f1  00001002 R_ARM_ABS32       00000000   .debug_str
000001f7  00001002 R_ARM_ABS32       00000000   .debug_str
000001fd  00001002 R_ARM_ABS32       00000000   .debug_str
00000203  00001002 R_ARM_ABS32       00000000   .debug_str
00000209  00001002 R_ARM_ABS32       00000000   .debug_str
0000020f  00001002 R_ARM_ABS32       00000000   .debug_str
00000215  00001002 R_ARM_ABS32       00000000   .debug_str
0000021b  00001002 R_ARM_ABS32       00000000   .debug_str
00000221  00001002 R_ARM_ABS32       00000000   .debug_str
00000227  00001002 R_ARM_ABS32       00000000   .debug_str
0000022d  00001002 R_ARM_ABS32       00000000   .debug_str
00000233  00001002 R_ARM_ABS32       00000000   .debug_str
00000239  00001002 R_ARM_ABS32       00000000   .debug_str
0000023f  00001002 R_ARM_ABS32       00000000   .debug_str
00000245  00001002 R_ARM_ABS32       00000000   .debug_str
0000024b  00001002 R_ARM_ABS32       00000000   .debug_str
00000251  00001002 R_ARM_ABS32       00000000   .debug_str
00000257  00001002 R_ARM_ABS32       00000000   .debug_str
0000025d  00001002 R_ARM_ABS32       00000000   .debug_str
00000263  00001002 R_ARM_ABS32       00000000   .debug_str
00000269  00001002 R_ARM_ABS32       00000000   .debug_str
0000026f  00001002 R_ARM_ABS32       00000000   .debug_str
00000275  00001002 R_ARM_ABS32       00000000   .debug_str
0000027b  00001002 R_ARM_ABS32       00000000   .debug_str
00000281  00001002 R_ARM_ABS32       00000000   .debug_str
00000287  00001002 R_ARM_ABS32       00000000   .debug_str
0000028d  00001002 R_ARM_ABS32       00000000   .debug_str
00000293  00001002 R_ARM_ABS32       00000000   .debug_str
00000299  00001002 R_ARM_ABS32       00000000   .debug_str
0000029f  00001002 R_ARM_ABS32       00000000   .debug_str
000002a5  00001002 R_ARM_ABS32       00000000   .debug_str
000002ab  00001002 R_ARM_ABS32       00000000   .debug_str
000002b1  00001002 R_ARM_ABS32       00000000   .debug_str
000002b7  00001002 R_ARM_ABS32       00000000   .debug_str
000002bd  00001002 R_ARM_ABS32       00000000   .debug_str
000002c3  00001002 R_ARM_ABS32       00000000   .debug_str
000002c9  00001002 R_ARM_ABS32       00000000   .debug_str
000002cf  00001002 R_ARM_ABS32       00000000   .debug_str
000002d5  00001002 R_ARM_ABS32       00000000   .debug_str
000002db  00001002 R_ARM_ABS32       00000000   .debug_str
000002e1  00001002 R_ARM_ABS32       00000000   .debug_str
000002e7  00001002 R_ARM_ABS32       00000000   .debug_str
000002ed  00001002 R_ARM_ABS32       00000000   .debug_str
000002f3  00001002 R_ARM_ABS32       00000000   .debug_str
000002f9  00001002 R_ARM_ABS32       00000000   .debug_str
000002ff  00001002 R_ARM_ABS32       00000000   .debug_str
00000305  00001002 R_ARM_ABS32       00000000   .debug_str
0000030b  00001002 R_ARM_ABS32       00000000   .debug_str
00000311  00001002 R_ARM_ABS32       00000000   .debug_str
00000317  00001002 R_ARM_ABS32       00000000   .debug_str
0000031d  00001002 R_ARM_ABS32       00000000   .debug_str
00000323  00001002 R_ARM_ABS32       00000000   .debug_str
00000329  00001002 R_ARM_ABS32       00000000   .debug_str
0000032f  00001002 R_ARM_ABS32       00000000   .debug_str
00000335  00001002 R_ARM_ABS32       00000000   .debug_str
0000033b  00001002 R_ARM_ABS32       00000000   .debug_str
00000341  00001002 R_ARM_ABS32       00000000   .debug_str
00000347  00001002 R_ARM_ABS32       00000000   .debug_str
0000034d  00001002 R_ARM_ABS32       00000000   .debug_str
00000353  00001002 R_ARM_ABS32       00000000   .debug_str
00000359  00001002 R_ARM_ABS32       00000000   .debug_str
0000035f  00001002 R_ARM_ABS32       00000000   .debug_str
00000365  00001002 R_ARM_ABS32       00000000   .debug_str
0000036b  00001002 R_ARM_ABS32       00000000   .debug_str
00000371  00001002 R_ARM_ABS32       00000000   .debug_str
00000377  00001002 R_ARM_ABS32       00000000   .debug_str
0000037d  00001002 R_ARM_ABS32       00000000   .debug_str
00000383  00001002 R_ARM_ABS32       00000000   .debug_str
00000389  00001002 R_ARM_ABS32       00000000   .debug_str
0000038f  00001002 R_ARM_ABS32       00000000   .debug_str
00000395  00001002 R_ARM_ABS32       00000000   .debug_str
0000039b  00001002 R_ARM_ABS32       00000000   .debug_str
000003a1  00001002 R_ARM_ABS32       00000000   .debug_str
000003a7  00001002 R_ARM_ABS32       00000000   .debug_str
000003ad  00001002 R_ARM_ABS32       00000000   .debug_str
000003b3  00001002 R_ARM_ABS32       00000000   .debug_str
000003b9  00001002 R_ARM_ABS32       00000000   .debug_str
000003bf  00001002 R_ARM_ABS32       00000000   .debug_str
000003c5  00001002 R_ARM_ABS32       00000000   .debug_str
000003cb  00001002 R_ARM_ABS32       00000000   .debug_str
000003d1  00001002 R_ARM_ABS32       00000000   .debug_str
000003d7  00001002 R_ARM_ABS32       00000000   .debug_str
000003dd  00001002 R_ARM_ABS32       00000000   .debug_str
000003e3  00001002 R_ARM_ABS32       00000000   .debug_str
000003e9  00001002 R_ARM_ABS32       00000000   .debug_str
000003ef  00001002 R_ARM_ABS32       00000000   .debug_str
000003f5  00001002 R_ARM_ABS32       00000000   .debug_str
000003fb  00001002 R_ARM_ABS32       00000000   .debug_str
00000401  00001002 R_ARM_ABS32       00000000   .debug_str
00000407  00001002 R_ARM_ABS32       00000000   .debug_str
0000040d  00001002 R_ARM_ABS32       00000000   .debug_str
00000413  00001002 R_ARM_ABS32       00000000   .debug_str
00000419  00001002 R_ARM_ABS32       00000000   .debug_str
0000041f  00001002 R_ARM_ABS32       00000000   .debug_str
00000425  00001002 R_ARM_ABS32       00000000   .debug_str
0000042b  00001002 R_ARM_ABS32       00000000   .debug_str
00000431  00001002 R_ARM_ABS32       00000000   .debug_str
00000437  00001002 R_ARM_ABS32       00000000   .debug_str
0000043d  00001002 R_ARM_ABS32       00000000   .debug_str
00000443  00001002 R_ARM_ABS32       00000000   .debug_str
00000449  00001002 R_ARM_ABS32       00000000   .debug_str
0000044f  00001002 R_ARM_ABS32       00000000   .debug_str
00000455  00001002 R_ARM_ABS32       00000000   .debug_str
0000045b  00001002 R_ARM_ABS32       00000000   .debug_str
00000461  00001002 R_ARM_ABS32       00000000   .debug_str
00000467  00001002 R_ARM_ABS32       00000000   .debug_str
0000046d  00001002 R_ARM_ABS32       00000000   .debug_str
00000473  00001002 R_ARM_ABS32       00000000   .debug_str
00000479  00001002 R_ARM_ABS32       00000000   .debug_str
0000047f  00001002 R_ARM_ABS32       00000000   .debug_str
00000485  00001002 R_ARM_ABS32       00000000   .debug_str
0000048b  00001002 R_ARM_ABS32       00000000   .debug_str
00000491  00001002 R_ARM_ABS32       00000000   .debug_str
00000497  00001002 R_ARM_ABS32       00000000   .debug_str
0000049d  00001002 R_ARM_ABS32       00000000   .debug_str
000004a3  00001002 R_ARM_ABS32       00000000   .debug_str
000004a9  00001002 R_ARM_ABS32       00000000   .debug_str
000004af  00001002 R_ARM_ABS32       00000000   .debug_str
000004b5  00001002 R_ARM_ABS32       00000000   .debug_str
000004bb  00001002 R_ARM_ABS32       00000000   .debug_str
000004c1  00001002 R_ARM_ABS32       00000000   .debug_str
000004c7  00001002 R_ARM_ABS32       00000000   .debug_str
000004cd  00001002 R_ARM_ABS32       00000000   .debug_str
000004d3  00001002 R_ARM_ABS32       00000000   .debug_str
000004d9  00001002 R_ARM_ABS32       00000000   .debug_str
000004df  00001002 R_ARM_ABS32       00000000   .debug_str
000004e5  00001002 R_ARM_ABS32       00000000   .debug_str
000004eb  00001002 R_ARM_ABS32       00000000   .debug_str
000004f1  00001002 R_ARM_ABS32       00000000   .debug_str
000004f7  00001002 R_ARM_ABS32       00000000   .debug_str
000004fd  00001002 R_ARM_ABS32       00000000   .debug_str
00000503  00001002 R_ARM_ABS32       00000000   .debug_str
00000509  00001002 R_ARM_ABS32       00000000   .debug_str
0000050f  00001002 R_ARM_ABS32       00000000   .debug_str
00000515  00001002 R_ARM_ABS32       00000000   .debug_str
0000051b  00001002 R_ARM_ABS32       00000000   .debug_str
00000521  00001002 R_ARM_ABS32       00000000   .debug_str
00000527  00001002 R_ARM_ABS32       00000000   .debug_str
0000052d  00001002 R_ARM_ABS32       00000000   .debug_str
00000533  00001002 R_ARM_ABS32       00000000   .debug_str
00000539  00001002 R_ARM_ABS32       00000000   .debug_str
0000053f  00001002 R_ARM_ABS32       00000000   .debug_str
00000545  00001002 R_ARM_ABS32       00000000   .debug_str
0000054b  00001002 R_ARM_ABS32       00000000   .debug_str
00000551  00001002 R_ARM_ABS32       00000000   .debug_str
00000557  00001002 R_ARM_ABS32       00000000   .debug_str
0000055d  00001002 R_ARM_ABS32       00000000   .debug_str
00000563  00001002 R_ARM_ABS32       00000000   .debug_str
00000569  00001002 R_ARM_ABS32       00000000   .debug_str
0000056f  00001002 R_ARM_ABS32       00000000   .debug_str
00000575  00001002 R_ARM_ABS32       00000000   .debug_str
0000057b  00001002 R_ARM_ABS32       00000000   .debug_str
00000581  00001002 R_ARM_ABS32       00000000   .debug_str
00000587  00001002 R_ARM_ABS32       00000000   .debug_str
0000058d  00001002 R_ARM_ABS32       00000000   .debug_str
00000593  00001002 R_ARM_ABS32       00000000   .debug_str
00000599  00001002 R_ARM_ABS32       00000000   .debug_str
0000059f  00001002 R_ARM_ABS32       00000000   .debug_str
000005a5  00001002 R_ARM_ABS32       00000000   .debug_str
000005ab  00001002 R_ARM_ABS32       00000000   .debug_str
000005b1  00001002 R_ARM_ABS32       00000000   .debug_str
000005b7  00001002 R_ARM_ABS32       00000000   .debug_str
000005bd  00001002 R_ARM_ABS32       00000000   .debug_str
000005c3  00001002 R_ARM_ABS32       00000000   .debug_str
000005c9  00001002 R_ARM_ABS32       00000000   .debug_str
000005cf  00001002 R_ARM_ABS32       00000000   .debug_str
000005d5  00001002 R_ARM_ABS32       00000000   .debug_str
000005db  00001002 R_ARM_ABS32       00000000   .debug_str
000005e1  00001002 R_ARM_ABS32       00000000   .debug_str
000005e7  00001002 R_ARM_ABS32       00000000   .debug_str
000005ed  00001002 R_ARM_ABS32       00000000   .debug_str
000005f3  00001002 R_ARM_ABS32       00000000   .debug_str
000005f9  00001002 R_ARM_ABS32       00000000   .debug_str
000005ff  00001002 R_ARM_ABS32       00000000   .debug_str
00000605  00001002 R_ARM_ABS32       00000000   .debug_str
0000060b  00001002 R_ARM_ABS32       00000000   .debug_str
00000611  00001002 R_ARM_ABS32       00000000   .debug_str
00000617  00001002 R_ARM_ABS32       00000000   .debug_str
0000061d  00001002 R_ARM_ABS32       00000000   .debug_str
00000623  00001002 R_ARM_ABS32       00000000   .debug_str
00000629  00001002 R_ARM_ABS32       00000000   .debug_str
0000062f  00001002 R_ARM_ABS32       00000000   .debug_str
00000635  00001002 R_ARM_ABS32       00000000   .debug_str
0000063b  00001002 R_ARM_ABS32       00000000   .debug_str
00000641  00001002 R_ARM_ABS32       00000000   .debug_str
00000647  00001002 R_ARM_ABS32       00000000   .debug_str
0000064d  00001002 R_ARM_ABS32       00000000   .debug_str
00000653  00001002 R_ARM_ABS32       00000000   .debug_str
00000659  00001002 R_ARM_ABS32       00000000   .debug_str
0000065f  00001002 R_ARM_ABS32       00000000   .debug_str
00000665  00001002 R_ARM_ABS32       00000000   .debug_str
0000066b  00001002 R_ARM_ABS32       00000000   .debug_str
00000671  00001002 R_ARM_ABS32       00000000   .debug_str
00000677  00001002 R_ARM_ABS32       00000000   .debug_str
0000067d  00001002 R_ARM_ABS32       00000000   .debug_str
00000683  00001002 R_ARM_ABS32       00000000   .debug_str
00000689  00001002 R_ARM_ABS32       00000000   .debug_str
0000068f  00001002 R_ARM_ABS32       00000000   .debug_str
00000695  00001002 R_ARM_ABS32       00000000   .debug_str
0000069b  00001002 R_ARM_ABS32       00000000   .debug_str
000006a1  00001002 R_ARM_ABS32       00000000   .debug_str
000006a7  00001002 R_ARM_ABS32       00000000   .debug_str
000006ad  00001002 R_ARM_ABS32       00000000   .debug_str
000006b3  00001002 R_ARM_ABS32       00000000   .debug_str
000006b9  00001002 R_ARM_ABS32       00000000   .debug_str
000006bf  00001002 R_ARM_ABS32       00000000   .debug_str
000006c5  00001002 R_ARM_ABS32       00000000   .debug_str
000006cb  00001002 R_ARM_ABS32       00000000   .debug_str
000006d1  00001002 R_ARM_ABS32       00000000   .debug_str
000006d7  00001002 R_ARM_ABS32       00000000   .debug_str
000006dd  00001002 R_ARM_ABS32       00000000   .debug_str
000006e3  00001002 R_ARM_ABS32       00000000   .debug_str
000006e9  00001002 R_ARM_ABS32       00000000   .debug_str
000006ef  00001002 R_ARM_ABS32       00000000   .debug_str
000006f5  00001002 R_ARM_ABS32       00000000   .debug_str
000006fb  00001002 R_ARM_ABS32       00000000   .debug_str
00000701  00001002 R_ARM_ABS32       00000000   .debug_str
00000707  00001002 R_ARM_ABS32       00000000   .debug_str
0000070d  00001002 R_ARM_ABS32       00000000   .debug_str
00000713  00001002 R_ARM_ABS32       00000000   .debug_str
00000719  00001002 R_ARM_ABS32       00000000   .debug_str
0000071f  00001002 R_ARM_ABS32       00000000   .debug_str
00000725  00001002 R_ARM_ABS32       00000000   .debug_str
0000072b  00001002 R_ARM_ABS32       00000000   .debug_str
00000731  00001002 R_ARM_ABS32       00000000   .debug_str
00000737  00001002 R_ARM_ABS32       00000000   .debug_str
0000073d  00001002 R_ARM_ABS32       00000000   .debug_str
00000743  00001002 R_ARM_ABS32       00000000   .debug_str
00000749  00001002 R_ARM_ABS32       00000000   .debug_str
0000074f  00001002 R_ARM_ABS32       00000000   .debug_str
00000755  00001002 R_ARM_ABS32       00000000   .debug_str
0000075b  00001002 R_ARM_ABS32       00000000   .debug_str
00000761  00001002 R_ARM_ABS32       00000000   .debug_str
00000767  00001002 R_ARM_ABS32       00000000   .debug_str
0000076d  00001002 R_ARM_ABS32       00000000   .debug_str
00000773  00001002 R_ARM_ABS32       00000000   .debug_str
00000779  00001002 R_ARM_ABS32       00000000   .debug_str
0000077f  00001002 R_ARM_ABS32       00000000   .debug_str
00000785  00001002 R_ARM_ABS32       00000000   .debug_str
0000078b  00001002 R_ARM_ABS32       00000000   .debug_str
00000791  00001002 R_ARM_ABS32       00000000   .debug_str
00000797  00001002 R_ARM_ABS32       00000000   .debug_str
0000079d  00001002 R_ARM_ABS32       00000000   .debug_str
000007a3  00001002 R_ARM_ABS32       00000000   .debug_str
000007a9  00001002 R_ARM_ABS32       00000000   .debug_str
000007af  00001002 R_ARM_ABS32       00000000   .debug_str
000007b5  00001002 R_ARM_ABS32       00000000   .debug_str
000007bb  00001002 R_ARM_ABS32       00000000   .debug_str
000007c1  00001002 R_ARM_ABS32       00000000   .debug_str
000007c7  00001002 R_ARM_ABS32       00000000   .debug_str
000007cd  00001002 R_ARM_ABS32       00000000   .debug_str
000007d3  00001002 R_ARM_ABS32       00000000   .debug_str
000007d9  00001002 R_ARM_ABS32       00000000   .debug_str
000007df  00001002 R_ARM_ABS32       00000000   .debug_str
000007e5  00001002 R_ARM_ABS32       00000000   .debug_str
000007eb  00001002 R_ARM_ABS32       00000000   .debug_str
000007f1  00001002 R_ARM_ABS32       00000000   .debug_str
000007f7  00001002 R_ARM_ABS32       00000000   .debug_str
000007fd  00001002 R_ARM_ABS32       00000000   .debug_str
00000803  00001002 R_ARM_ABS32       00000000   .debug_str
00000809  00001002 R_ARM_ABS32       00000000   .debug_str
0000080f  00001002 R_ARM_ABS32       00000000   .debug_str
00000815  00001002 R_ARM_ABS32       00000000   .debug_str
0000081b  00001002 R_ARM_ABS32       00000000   .debug_str
00000821  00001002 R_ARM_ABS32       00000000   .debug_str
00000827  00001002 R_ARM_ABS32       00000000   .debug_str
0000082d  00001002 R_ARM_ABS32       00000000   .debug_str
00000833  00001002 R_ARM_ABS32       00000000   .debug_str
00000839  00001002 R_ARM_ABS32       00000000   .debug_str
0000083f  00001002 R_ARM_ABS32       00000000   .debug_str

Relocation section '.rel.debug_macro' at offset 0x9bc8 contains 5 entries:
 Offset     Info    Type            Sym.Value  Sym. Name
00000005  00001002 R_ARM_ABS32       00000000   .debug_str
0000000b  00001002 R_ARM_ABS32       00000000   .debug_str
00000011  00001002 R_ARM_ABS32       00000000   .debug_str
00000017  00001002 R_ARM_ABS32       00000000   .debug_str
0000001d  00001002 R_ARM_ABS32       00000000   .debug_str

Relocation section '.rel.debug_macro' at offset 0x9bf0 contains 12 entries:
 Offset     Info    Type            Sym.Value  Sym. Name
00000005  00001002 R_ARM_ABS32       00000000   .debug_str
0000000b  00001002 R_ARM_ABS32       00000000   .debug_str
00000011  00001002 R_ARM_ABS32       00000000   .debug_str
00000017  00001002 R_ARM_ABS32       00000000   .debug_str
0000001d  00001002 R_ARM_ABS32       00000000   .debug_str
00000023  00001002 R_ARM_ABS32       00000000   .debug_str
00000029  00001002 R_ARM_ABS32       00000000   .debug_str
0000002f  00001002 R_ARM_ABS32       00000000   .debug_str
00000035  00001002 R_ARM_ABS32       00000000   .debug_str
0000003b  00001002 R_ARM_ABS32       00000000   .debug_str
00000041  00001002 R_ARM_ABS32       00000000   .debug_str
00000047  00001002 R_ARM_ABS32       00000000   .debug_str

Relocation section '.rel.debug_macro' at offset 0x9c50 contains 20 entries:
 Offset     Info    Type            Sym.Value  Sym. Name
00000005  00001002 R_ARM_ABS32       00000000   .debug_str
0000000b  00001002 R_ARM_ABS32       00000000   .debug_str
00000011  00001002 R_ARM_ABS32       00000000   .debug_str
00000018  00001002 R_ARM_ABS32       00000000   .debug_str
0000001f  00001002 R_ARM_ABS32       00000000   .debug_str
00000026  00001002 R_ARM_ABS32       00000000   .debug_str
0000002d  00001002 R_ARM_ABS32       00000000   .debug_str
00000034  00001002 R_ARM_ABS32       00000000   .debug_str
0000003b  00001002 R_ARM_ABS32       00000000   .debug_str
00000042  00001002 R_ARM_ABS32       00000000   .debug_str
00000049  00001002 R_ARM_ABS32       00000000   .debug_str
00000050  00001002 R_ARM_ABS32       00000000   .debug_str
00000057  00001002 R_ARM_ABS32       00000000   .debug_str
0000005e  00001002 R_ARM_ABS32       00000000   .debug_str
00000065  00001002 R_ARM_ABS32       00000000   .debug_str
0000006c  00001002 R_ARM_ABS32       00000000   .debug_str
00000073  00001002 R_ARM_ABS32       00000000   .debug_str
0000007a  00001002 R_ARM_ABS32       00000000   .debug_str
00000081  00001002 R_ARM_ABS32       00000000   .debug_str
00000088  00001002 R_ARM_ABS32       00000000   .debug_str

Relocation section '.rel.debug_macro' at offset 0x9cf0 contains 7 entries:
 Offset     Info    Type            Sym.Value  Sym. Name
00000006  00001002 R_ARM_ABS32       00000000   .debug_str
0000000d  00001002 R_ARM_ABS32       00000000   .debug_str
00000014  00001002 R_ARM_ABS32       00000000   .debug_str
0000001b  00001002 R_ARM_ABS32       00000000   .debug_str
00000022  00001002 R_ARM_ABS32       00000000   .debug_str
00000029  00001002 R_ARM_ABS32       00000000   .debug_str
00000030  00001002 R_ARM_ABS32       00000000   .debug_str

Relocation section '.rel.debug_macro' at offset 0x9d28 contains 25 entries:
 Offset     Info    Type            Sym.Value  Sym. Name
00000005  00001002 R_ARM_ABS32       00000000   .debug_str
0000000b  00001002 R_ARM_ABS32       00000000   .debug_str
00000011  00001002 R_ARM_ABS32       00000000   .debug_str
00000017  00001002 R_ARM_ABS32       00000000   .debug_str
0000001d  00001002 R_ARM_ABS32       00000000   .debug_str
00000023  00001002 R_ARM_ABS32       00000000   .debug_str
00000029  00001002 R_ARM_ABS32       00000000   .debug_str
0000002f  00001002 R_ARM_ABS32       00000000   .debug_str
00000035  00001002 R_ARM_ABS32       00000000   .debug_str
0000003b  00001002 R_ARM_ABS32       00000000   .debug_str
00000041  00001002 R_ARM_ABS32       00000000   .debug_str
00000047  00001002 R_ARM_ABS32       00000000   .debug_str
0000004d  00001002 R_ARM_ABS32       00000000   .debug_str
00000053  00001002 R_ARM_ABS32       00000000   .debug_str
00000059  00001002 R_ARM_ABS32       00000000   .debug_str
0000005f  00001002 R_ARM_ABS32       00000000   .debug_str
00000065  00001002 R_ARM_ABS32       00000000   .debug_str
0000006b  00001002 R_ARM_ABS32       00000000   .debug_str
00000071  00001002 R_ARM_ABS32       00000000   .debug_str
00000077  00001002 R_ARM_ABS32       00000000   .debug_str
0000007d  00001002 R_ARM_ABS32       00000000   .debug_str
00000083  00001002 R_ARM_ABS32       00000000   .debug_str
00000089  00001002 R_ARM_ABS32       00000000   .debug_str
00000090  00001002 R_ARM_ABS32       00000000   .debug_str
00000097  00001002 R_ARM_ABS32       00000000   .debug_str

Relocation section '.rel.debug_macro' at offset 0x9df0 contains 3 entries:
 Offset     Info    Type            Sym.Value  Sym. Name
00000005  00001002 R_ARM_ABS32       00000000   .debug_str
0000000b  00001002 R_ARM_ABS32       00000000   .debug_str
00000011  00001002 R_ARM_ABS32       00000000   .debug_str

Relocation section '.rel.debug_macro' at offset 0x9e08 contains 11 entries:
 Offset     Info    Type            Sym.Value  Sym. Name
00000005  00001002 R_ARM_ABS32       00000000   .debug_str
0000000b  00001002 R_ARM_ABS32       00000000   .debug_str
00000011  00001002 R_ARM_ABS32       00000000   .debug_str
00000017  00001002 R_ARM_ABS32       00000000   .debug_str
0000001d  00001002 R_ARM_ABS32       00000000   .debug_str
00000023  00001002 R_ARM_ABS32       00000000   .debug_str
00000029  00001002 R_ARM_ABS32       00000000   .debug_str
00000030  00001002 R_ARM_ABS32       00000000   .debug_str
00000037  00001002 R_ARM_ABS32       00000000   .debug_str
0000003e  00001002 R_ARM_ABS32       00000000   .debug_str
00000045  00001002 R_ARM_ABS32       00000000   .debug_str

Relocation section '.rel.debug_macro' at offset 0x9e60 contains 21 entries:
 Offset     Info    Type            Sym.Value  Sym. Name
00000006  00001002 R_ARM_ABS32       00000000   .debug_str
0000000d  00001002 R_ARM_ABS32       00000000   .debug_str
00000014  00001002 R_ARM_ABS32       00000000   .debug_str
0000001b  00001002 R_ARM_ABS32       00000000   .debug_str
00000022  00001002 R_ARM_ABS32       00000000   .debug_str
00000029  00001002 R_ARM_ABS32       00000000   .debug_str
00000030  00001002 R_ARM_ABS32       00000000   .debug_str
00000037  00001002 R_ARM_ABS32       00000000   .debug_str
0000003e  00001002 R_ARM_ABS32       00000000   .debug_str
00000045  00001002 R_ARM_ABS32       00000000   .debug_str
0000004c  00001002 R_ARM_ABS32       00000000   .debug_str
00000053  00001002 R_ARM_ABS32       00000000   .debug_str
0000005a  00001002 R_ARM_ABS32       00000000   .debug_str
00000061  00001002 R_ARM_ABS32       00000000   .debug_str
00000068  00001002 R_ARM_ABS32       00000000   .debug_str
0000006f  00001002 R_ARM_ABS32       00000000   .debug_str
00000076  00001002 R_ARM_ABS32       00000000   .debug_str
0000007d  00001002 R_ARM_ABS32       00000000   .debug_str
00000084  00001002 R_ARM_ABS32       00000000   .debug_str
0000008b  00001002 R_ARM_ABS32       00000000   .debug_str
00000092  00001002 R_ARM_ABS32       00000000   .debug_str

Relocation section '.rel.debug_macro' at offset 0x9f08 contains 115 entries:
 Offset     Info    Type            Sym.Value  Sym. Name
00000005  00001002 R_ARM_ABS32       00000000   .debug_str
0000000b  00001002 R_ARM_ABS32       00000000   .debug_str
00000011  00001002 R_ARM_ABS32       00000000   .debug_str
00000017  00001002 R_ARM_ABS32       00000000   .debug_str
0000001d  00001002 R_ARM_ABS32       00000000   .debug_str
00000023  00001002 R_ARM_ABS32       00000000   .debug_str
00000029  00001002 R_ARM_ABS32       00000000   .debug_str
0000002f  00001002 R_ARM_ABS32       00000000   .debug_str
00000035  00001002 R_ARM_ABS32       00000000   .debug_str
0000003b  00001002 R_ARM_ABS32       00000000   .debug_str
00000041  00001002 R_ARM_ABS32       00000000   .debug_str
00000047  00001002 R_ARM_ABS32       00000000   .debug_str
0000004d  00001002 R_ARM_ABS32       00000000   .debug_str
00000053  00001002 R_ARM_ABS32       00000000   .debug_str
00000059  00001002 R_ARM_ABS32       00000000   .debug_str
0000005f  00001002 R_ARM_ABS32       00000000   .debug_str
00000065  00001002 R_ARM_ABS32       00000000   .debug_str
0000006b  00001002 R_ARM_ABS32       00000000   .debug_str
00000071  00001002 R_ARM_ABS32       00000000   .debug_str
00000077  00001002 R_ARM_ABS32       00000000   .debug_str
0000007d  00001002 R_ARM_ABS32       00000000   .debug_str
00000083  00001002 R_ARM_ABS32       00000000   .debug_str
00000089  00001002 R_ARM_ABS32       00000000   .debug_str
0000008f  00001002 R_ARM_ABS32       00000000   .debug_str
00000095  00001002 R_ARM_ABS32       00000000   .debug_str
0000009b  00001002 R_ARM_ABS32       00000000   .debug_str
000000a1  00001002 R_ARM_ABS32       00000000   .debug_str
000000a7  00001002 R_ARM_ABS32       00000000   .debug_str
000000ae  00001002 R_ARM_ABS32       00000000   .debug_str
000000b5  00001002 R_ARM_ABS32       00000000   .debug_str
000000bc  00001002 R_ARM_ABS32       00000000   .debug_str
000000c3  00001002 R_ARM_ABS32       00000000   .debug_str
000000ca  00001002 R_ARM_ABS32       00000000   .debug_str
000000d1  00001002 R_ARM_ABS32       00000000   .debug_str
000000d8  00001002 R_ARM_ABS32       00000000   .debug_str
000000df  00001002 R_ARM_ABS32       00000000   .debug_str
000000e6  00001002 R_ARM_ABS32       00000000   .debug_str
000000ed  00001002 R_ARM_ABS32       00000000   .debug_str
000000f4  00001002 R_ARM_ABS32       00000000   .debug_str
000000fb  00001002 R_ARM_ABS32       00000000   .debug_str
00000102  00001002 R_ARM_ABS32       00000000   .debug_str
00000109  00001002 R_ARM_ABS32       00000000   .debug_str
00000110  00001002 R_ARM_ABS32       00000000   .debug_str
00000117  00001002 R_ARM_ABS32       00000000   .debug_str
0000011e  00001002 R_ARM_ABS32       00000000   .debug_str
00000125  00001002 R_ARM_ABS32       00000000   .debug_str
0000012c  00001002 R_ARM_ABS32       00000000   .debug_str
00000133  00001002 R_ARM_ABS32       00000000   .debug_str
0000013a  00001002 R_ARM_ABS32       00000000   .debug_str
00000141  00001002 R_ARM_ABS32       00000000   .debug_str
00000148  00001002 R_ARM_ABS32       00000000   .debug_str
0000014f  00001002 R_ARM_ABS32       00000000   .debug_str
00000156  00001002 R_ARM_ABS32       00000000   .debug_str
0000015d  00001002 R_ARM_ABS32       00000000   .debug_str
00000164  00001002 R_ARM_ABS32       00000000   .debug_str
0000016b  00001002 R_ARM_ABS32       00000000   .debug_str
00000172  00001002 R_ARM_ABS32       00000000   .debug_str
00000179  00001002 R_ARM_ABS32       00000000   .debug_str
00000180  00001002 R_ARM_ABS32       00000000   .debug_str
00000187  00001002 R_ARM_ABS32       00000000   .debug_str
0000018e  00001002 R_ARM_ABS32       00000000   .debug_str
00000195  00001002 R_ARM_ABS32       00000000   .debug_str
0000019c  00001002 R_ARM_ABS32       00000000   .debug_str
000001a3  00001002 R_ARM_ABS32       00000000   .debug_str
000001aa  00001002 R_ARM_ABS32       00000000   .debug_str
000001b1  00001002 R_ARM_ABS32       00000000   .debug_str
000001b8  00001002 R_ARM_ABS32       00000000   .debug_str
000001bf  00001002 R_ARM_ABS32       00000000   .debug_str
000001c6  00001002 R_ARM_ABS32       00000000   .debug_str
000001cd  00001002 R_ARM_ABS32       00000000   .debug_str
000001d4  00001002 R_ARM_ABS32       00000000   .debug_str
000001db  00001002 R_ARM_ABS32       00000000   .debug_str
000001e2  00001002 R_ARM_ABS32       00000000   .debug_str
000001e9  00001002 R_ARM_ABS32       00000000   .debug_str
000001f0  00001002 R_ARM_ABS32       00000000   .debug_str
000001f7  00001002 R_ARM_ABS32       00000000   .debug_str
000001fe  00001002 R_ARM_ABS32       00000000   .debug_str
00000205  00001002 R_ARM_ABS32       00000000   .debug_str
0000020c  00001002 R_ARM_ABS32       00000000   .debug_str
00000213  00001002 R_ARM_ABS32       00000000   .debug_str
0000021a  00001002 R_ARM_ABS32       00000000   .debug_str
00000221  00001002 R_ARM_ABS32       00000000   .debug_str
00000228  00001002 R_ARM_ABS32       00000000   .debug_str
0000022f  00001002 R_ARM_ABS32       00000000   .debug_str
00000236  00001002 R_ARM_ABS32       00000000   .debug_str
0000023d  00001002 R_ARM_ABS32       00000000   .debug_str
00000244  00001002 R_ARM_ABS32       00000000   .debug_str
0000024b  00001002 R_ARM_ABS32       00000000   .debug_str
00000252  00001002 R_ARM_ABS32       00000000   .debug_str
00000259  00001002 R_ARM_ABS32       00000000   .debug_str
00000260  00001002 R_ARM_ABS32       00000000   .debug_str
00000267  00001002 R_ARM_ABS32       00000000   .debug_str
0000026e  00001002 R_ARM_ABS32       00000000   .debug_str
00000275  00001002 R_ARM_ABS32       00000000   .debug_str
0000027c  00001002 R_ARM_ABS32       00000000   .debug_str
00000283  00001002 R_ARM_ABS32       00000000   .debug_str
0000028a  00001002 R_ARM_ABS32       00000000   .debug_str
00000291  00001002 R_ARM_ABS32       00000000   .debug_str
00000298  00001002 R_ARM_ABS32       00000000   .debug_str
0000029f  00001002 R_ARM_ABS32       00000000   .debug_str
000002a6  00001002 R_ARM_ABS32       00000000   .debug_str
000002ad  00001002 R_ARM_ABS32       00000000   .debug_str
000002b4  00001002 R_ARM_ABS32       00000000   .debug_str
000002bb  00001002 R_ARM_ABS32       00000000   .debug_str
000002c2  00001002 R_ARM_ABS32       00000000   .debug_str
000002c9  00001002 R_ARM_ABS32       00000000   .debug_str
000002d0  00001002 R_ARM_ABS32       00000000   .debug_str
000002d7  00001002 R_ARM_ABS32       00000000   .debug_str
000002de  00001002 R_ARM_ABS32       00000000   .debug_str
000002e5  00001002 R_ARM_ABS32       00000000   .debug_str
000002ec  00001002 R_ARM_ABS32       00000000   .debug_str
000002f3  00001002 R_ARM_ABS32       00000000   .debug_str
000002fa  00001002 R_ARM_ABS32       00000000   .debug_str
00000301  00001002 R_ARM_ABS32       00000000   .debug_str
00000308  00001002 R_ARM_ABS32       00000000   .debug_str

Relocation section '.rel.debug_macro' at offset 0xa2a0 contains 36 entries:
 Offset     Info    Type            Sym.Value  Sym. Name
00000005  00001002 R_ARM_ABS32       00000000   .debug_str
0000000b  00001002 R_ARM_ABS32       00000000   .debug_str
00000011  00001002 R_ARM_ABS32       00000000   .debug_str
00000018  00001002 R_ARM_ABS32       00000000   .debug_str
0000001f  00001002 R_ARM_ABS32       00000000   .debug_str
00000026  00001002 R_ARM_ABS32       00000000   .debug_str
0000002d  00001002 R_ARM_ABS32       00000000   .debug_str
00000034  00001002 R_ARM_ABS32       00000000   .debug_str
0000003b  00001002 R_ARM_ABS32       00000000   .debug_str
00000042  00001002 R_ARM_ABS32       00000000   .debug_str
00000049  00001002 R_ARM_ABS32       00000000   .debug_str
00000050  00001002 R_ARM_ABS32       00000000   .debug_str
00000057  00001002 R_ARM_ABS32       00000000   .debug_str
0000005e  00001002 R_ARM_ABS32       00000000   .debug_str
00000065  00001002 R_ARM_ABS32       00000000   .debug_str
0000006c  00001002 R_ARM_ABS32       00000000   .debug_str
00000073  00001002 R_ARM_ABS32       00000000   .debug_str
0000007a  00001002 R_ARM_ABS32       00000000   .debug_str
00000081  00001002 R_ARM_ABS32       00000000   .debug_str
00000088  00001002 R_ARM_ABS32       00000000   .debug_str
0000008f  00001002 R_ARM_ABS32       00000000   .debug_str
00000096  00001002 R_ARM_ABS32       00000000   .debug_str
0000009d  00001002 R_ARM_ABS32       00000000   .debug_str
000000a4  00001002 R_ARM_ABS32       00000000   .debug_str
000000ab  00001002 R_ARM_ABS32       00000000   .debug_str
000000b2  00001002 R_ARM_ABS32       00000000   .debug_str
000000b9  00001002 R_ARM_ABS32       00000000   .debug_str
000000c0  00001002 R_ARM_ABS32       00000000   .debug_str
000000c7  00001002 R_ARM_ABS32       00000000   .debug_str
000000ce  00001002 R_ARM_ABS32       00000000   .debug_str
000000d5  00001002 R_ARM_ABS32       00000000   .debug_str
000000dc  00001002 R_ARM_ABS32       00000000   .debug_str
000000e3  00001002 R_ARM_ABS32       00000000   .debug_str
000000ea  00001002 R_ARM_ABS32       00000000   .debug_str
000000f1  00001002 R_ARM_ABS32       00000000   .debug_str
000000f8  00001002 R_ARM_ABS32       00000000   .debug_str

Relocation section '.rel.debug_macro' at offset 0xa3c0 contains 2 entries:
 Offset     Info    Type            Sym.Value  Sym. Name
00000005  00001002 R_ARM_ABS32       00000000   .debug_str
0000000b  00001002 R_ARM_ABS32       00000000   .debug_str

Relocation section '.rel.debug_macro' at offset 0xa3d0 contains 13 entries:
 Offset     Info    Type            Sym.Value  Sym. Name
00000005  00001002 R_ARM_ABS32       00000000   .debug_str
0000000b  00001002 R_ARM_ABS32       00000000   .debug_str
00000011  00001002 R_ARM_ABS32       00000000   .debug_str
00000017  00001002 R_ARM_ABS32       00000000   .debug_str
0000001d  00001002 R_ARM_ABS32       00000000   .debug_str
00000023  00001002 R_ARM_ABS32       00000000   .debug_str
00000029  00001002 R_ARM_ABS32       00000000   .debug_str
0000002f  00001002 R_ARM_ABS32       00000000   .debug_str
00000035  00001002 R_ARM_ABS32       00000000   .debug_str
0000003b  00001002 R_ARM_ABS32       00000000   .debug_str
00000041  00001002 R_ARM_ABS32       00000000   .debug_str
00000047  00001002 R_ARM_ABS32       00000000   .debug_str
0000004d  00001002 R_ARM_ABS32       00000000   .debug_str

Relocation section '.rel.debug_macro' at offset 0xa438 contains 4 entries:
 Offset     Info    Type            Sym.Value  Sym. Name
00000005  00001002 R_ARM_ABS32       00000000   .debug_str
0000000c  00001002 R_ARM_ABS32       00000000   .debug_str
00000013  00001002 R_ARM_ABS32       00000000   .debug_str
0000001a  00001002 R_ARM_ABS32       00000000   .debug_str

Relocation section '.rel.debug_macro' at offset 0xa458 contains 9 entries:
 Offset     Info    Type            Sym.Value  Sym. Name
00000006  00001002 R_ARM_ABS32       00000000   .debug_str
0000000d  00001002 R_ARM_ABS32       00000000   .debug_str
00000014  00001002 R_ARM_ABS32       00000000   .debug_str
0000001b  00001002 R_ARM_ABS32       00000000   .debug_str
00000022  00001002 R_ARM_ABS32       00000000   .debug_str
00000029  00001002 R_ARM_ABS32       00000000   .debug_str
00000030  00001002 R_ARM_ABS32       00000000   .debug_str
00000037  00001002 R_ARM_ABS32       00000000   .debug_str
0000003e  00001002 R_ARM_ABS32       00000000   .debug_str

Relocation section '.rel.debug_macro' at offset 0xa4a0 contains 4 entries:
 Offset     Info    Type            Sym.Value  Sym. Name
00000006  00001002 R_ARM_ABS32       00000000   .debug_str
0000000d  00001002 R_ARM_ABS32       00000000   .debug_str
00000014  00001002 R_ARM_ABS32       00000000   .debug_str
0000001b  00001002 R_ARM_ABS32       00000000   .debug_str

Relocation section '.rel.debug_macro' at offset 0xa4c0 contains 56 entries:
 Offset     Info    Type            Sym.Value  Sym. Name
00000005  00001002 R_ARM_ABS32       00000000   .debug_str
0000000b  00001002 R_ARM_ABS32       00000000   .debug_str
00000011  00001002 R_ARM_ABS32       00000000   .debug_str
00000017  00001002 R_ARM_ABS32       00000000   .debug_str
0000001d  00001002 R_ARM_ABS32       00000000   .debug_str
00000024  00001002 R_ARM_ABS32       00000000   .debug_str
0000002b  00001002 R_ARM_ABS32       00000000   .debug_str
00000032  00001002 R_ARM_ABS32       00000000   .debug_str
00000039  00001002 R_ARM_ABS32       00000000   .debug_str
00000040  00001002 R_ARM_ABS32       00000000   .debug_str
00000047  00001002 R_ARM_ABS32       00000000   .debug_str
0000004e  00001002 R_ARM_ABS32       00000000   .debug_str
00000055  00001002 R_ARM_ABS32       00000000   .debug_str
0000005c  00001002 R_ARM_ABS32       00000000   .debug_str
00000063  00001002 R_ARM_ABS32       00000000   .debug_str
0000006a  00001002 R_ARM_ABS32       00000000   .debug_str
00000071  00001002 R_ARM_ABS32       00000000   .debug_str
00000078  00001002 R_ARM_ABS32       00000000   .debug_str
0000007f  00001002 R_ARM_ABS32       00000000   .debug_str
00000086  00001002 R_ARM_ABS32       00000000   .debug_str
0000008d  00001002 R_ARM_ABS32       00000000   .debug_str
00000094  00001002 R_ARM_ABS32       00000000   .debug_str
0000009b  00001002 R_ARM_ABS32       00000000   .debug_str
000000a2  00001002 R_ARM_ABS32       00000000   .debug_str
000000a9  00001002 R_ARM_ABS32       00000000   .debug_str
000000b0  00001002 R_ARM_ABS32       00000000   .debug_str
000000b7  00001002 R_ARM_ABS32       00000000   .debug_str
000000be  00001002 R_ARM_ABS32       00000000   .debug_str
000000c5  00001002 R_ARM_ABS32       00000000   .debug_str
000000cc  00001002 R_ARM_ABS32       00000000   .debug_str
000000d3  00001002 R_ARM_ABS32       00000000   .debug_str
000000da  00001002 R_ARM_ABS32       00000000   .debug_str
000000e1  00001002 R_ARM_ABS32       00000000   .debug_str
000000e8  00001002 R_ARM_ABS32       00000000   .debug_str
000000ef  00001002 R_ARM_ABS32       00000000   .debug_str
000000f6  00001002 R_ARM_ABS32       00000000   .debug_str
000000fd  00001002 R_ARM_ABS32       00000000   .debug_str
00000104  00001002 R_ARM_ABS32       00000000   .debug_str
0000010b  00001002 R_ARM_ABS32       00000000   .debug_str
00000112  00001002 R_ARM_ABS32       00000000   .debug_str
00000119  00001002 R_ARM_ABS32       00000000   .debug_str
00000120  00001002 R_ARM_ABS32       00000000   .debug_str
00000127  00001002 R_ARM_ABS32       00000000   .debug_str
0000012e  00001002 R_ARM_ABS32       00000000   .debug_str
00000135  00001002 R_ARM_ABS32       00000000   .debug_str
0000013c  00001002 R_ARM_ABS32       00000000   .debug_str
00000143  00001002 R_ARM_ABS32       00000000   .debug_str
0000014a  00001002 R_ARM_ABS32       00000000   .debug_str
00000151  00001002 R_ARM_ABS32       00000000   .debug_str
00000158  00001002 R_ARM_ABS32       00000000   .debug_str
0000015f  00001002 R_ARM_ABS32       00000000   .debug_str
00000166  00001002 R_ARM_ABS32       00000000   .debug_str
0000016d  00001002 R_ARM_ABS32       00000000   .debug_str
00000174  00001002 R_ARM_ABS32       00000000   .debug_str
0000017b  00001002 R_ARM_ABS32       00000000   .debug_str
00000182  00001002 R_ARM_ABS32       00000000   .debug_str

Relocation section '.rel.debug_macro' at offset 0xa680 contains 2 entries:
 Offset     Info    Type            Sym.Value  Sym. Name
00000005  00001002 R_ARM_ABS32       00000000   .debug_str
0000000b  00001002 R_ARM_ABS32       00000000   .debug_str

Relocation section '.rel.debug_macro' at offset 0xa690 contains 15 entries:
 Offset     Info    Type            Sym.Value  Sym. Name
00000005  00001002 R_ARM_ABS32       00000000   .debug_str
0000000b  00001002 R_ARM_ABS32       00000000   .debug_str
00000011  00001002 R_ARM_ABS32       00000000   .debug_str
00000017  00001002 R_ARM_ABS32       00000000   .debug_str
0000001d  00001002 R_ARM_ABS32       00000000   .debug_str
00000023  00001002 R_ARM_ABS32       00000000   .debug_str
00000029  00001002 R_ARM_ABS32       00000000   .debug_str
0000002f  00001002 R_ARM_ABS32       00000000   .debug_str
00000035  00001002 R_ARM_ABS32       00000000   .debug_str
0000003b  00001002 R_ARM_ABS32       00000000   .debug_str
00000041  00001002 R_ARM_ABS32       00000000   .debug_str
00000047  00001002 R_ARM_ABS32       00000000   .debug_str
0000004d  00001002 R_ARM_ABS32       00000000   .debug_str
00000053  00001002 R_ARM_ABS32       00000000   .debug_str
00000059  00001002 R_ARM_ABS32       00000000   .debug_str

Relocation section '.rel.debug_macro' at offset 0xa708 contains 4 entries:
 Offset     Info    Type            Sym.Value  Sym. Name
00000005  00001002 R_ARM_ABS32       00000000   .debug_str
0000000b  00001002 R_ARM_ABS32       00000000   .debug_str
00000011  00001002 R_ARM_ABS32       00000000   .debug_str
00000017  00001002 R_ARM_ABS32       00000000   .debug_str

Relocation section '.rel.debug_macro' at offset 0xa728 contains 13 entries:
 Offset     Info    Type            Sym.Value  Sym. Name
00000005  00001002 R_ARM_ABS32       00000000   .debug_str
0000000b  00001002 R_ARM_ABS32       00000000   .debug_str
00000011  00001002 R_ARM_ABS32       00000000   .debug_str
00000017  00001002 R_ARM_ABS32       00000000   .debug_str
0000001d  00001002 R_ARM_ABS32       00000000   .debug_str
00000023  00001002 R_ARM_ABS32       00000000   .debug_str
00000029  00001002 R_ARM_ABS32       00000000   .debug_str
0000002f  00001002 R_ARM_ABS32       00000000   .debug_str
00000035  00001002 R_ARM_ABS32       00000000   .debug_str
0000003b  00001002 R_ARM_ABS32       00000000   .debug_str
00000041  00001002 R_ARM_ABS32       00000000   .debug_str
00000047  00001002 R_ARM_ABS32       00000000   .debug_str
0000004d  00001002 R_ARM_ABS32       00000000   .debug_str

Relocation section '.rel.debug_macro' at offset 0xa790 contains 10 entries:
 Offset     Info    Type            Sym.Value  Sym. Name
00000005  00001002 R_ARM_ABS32       00000000   .debug_str
0000000b  00001002 R_ARM_ABS32       00000000   .debug_str
00000011  00001002 R_ARM_ABS32       00000000   .debug_str
00000017  00001002 R_ARM_ABS32       00000000   .debug_str
0000001d  00001002 R_ARM_ABS32       00000000   .debug_str
00000023  00001002 R_ARM_ABS32       00000000   .debug_str
00000029  00001002 R_ARM_ABS32       00000000   .debug_str
0000002f  00001002 R_ARM_ABS32       00000000   .debug_str
00000035  00001002 R_ARM_ABS32       00000000   .debug_str
0000003b  00001002 R_ARM_ABS32       00000000   .debug_str

Relocation section '.rel.debug_macro' at offset 0xa7e0 contains 2 entries:
 Offset     Info    Type            Sym.Value  Sym. Name
00000005  00001002 R_ARM_ABS32       00000000   .debug_str
0000000b  00001002 R_ARM_ABS32       00000000   .debug_str

Relocation section '.rel.debug_macro' at offset 0xa7f0 contains 10 entries:
 Offset     Info    Type            Sym.Value  Sym. Name
00000005  00001002 R_ARM_ABS32       00000000   .debug_str
0000000b  00001002 R_ARM_ABS32       00000000   .debug_str
00000011  00001002 R_ARM_ABS32       00000000   .debug_str
00000017  00001002 R_ARM_ABS32       00000000   .debug_str
0000001d  00001002 R_ARM_ABS32       00000000   .debug_str
00000023  00001002 R_ARM_ABS32       00000000   .debug_str
00000029  00001002 R_ARM_ABS32       00000000   .debug_str
0000002f  00001002 R_ARM_ABS32       00000000   .debug_str
00000035  00001002 R_ARM_ABS32       00000000   .debug_str
0000003b  00001002 R_ARM_ABS32       00000000   .debug_str

Relocation section '.rel.debug_macro' at offset 0xa840 contains 32 entries:
 Offset     Info    Type            Sym.Value  Sym. Name
00000005  00001002 R_ARM_ABS32       00000000   .debug_str
0000000b  00001002 R_ARM_ABS32       00000000   .debug_str
00000011  00001002 R_ARM_ABS32       00000000   .debug_str
00000017  00001002 R_ARM_ABS32       00000000   .debug_str
0000001d  00001002 R_ARM_ABS32       00000000   .debug_str
00000023  00001002 R_ARM_ABS32       00000000   .debug_str
00000029  00001002 R_ARM_ABS32       00000000   .debug_str
0000002f  00001002 R_ARM_ABS32       00000000   .debug_str
00000035  00001002 R_ARM_ABS32       00000000   .debug_str
0000003b  00001002 R_ARM_ABS32       00000000   .debug_str
00000041  00001002 R_ARM_ABS32       00000000   .debug_str
00000047  00001002 R_ARM_ABS32       00000000   .debug_str
0000004d  00001002 R_ARM_ABS32       00000000   .debug_str
00000054  00001002 R_ARM_ABS32       00000000   .debug_str
0000005b  00001002 R_ARM_ABS32       00000000   .debug_str
00000062  00001002 R_ARM_ABS32       00000000   .debug_str
00000069  00001002 R_ARM_ABS32       00000000   .debug_str
00000070  00001002 R_ARM_ABS32       00000000   .debug_str
00000077  00001002 R_ARM_ABS32       00000000   .debug_str
0000007e  00001002 R_ARM_ABS32       00000000   .debug_str
00000085  00001002 R_ARM_ABS32       00000000   .debug_str
0000008c  00001002 R_ARM_ABS32       00000000   .debug_str
00000093  00001002 R_ARM_ABS32       00000000   .debug_str
0000009a  00001002 R_ARM_ABS32       00000000   .debug_str
000000a1  00001002 R_ARM_ABS32       00000000   .debug_str
000000a8  00001002 R_ARM_ABS32       00000000   .debug_str
000000af  00001002 R_ARM_ABS32       00000000   .debug_str
000000b6  00001002 R_ARM_ABS32       00000000   .debug_str
000000bd  00001002 R_ARM_ABS32       00000000   .debug_str
000000c4  00001002 R_ARM_ABS32       00000000   .debug_str
000000cb  00001002 R_ARM_ABS32       00000000   .debug_str
000000d2  00001002 R_ARM_ABS32       00000000   .debug_str

Relocation section '.rel.debug_macro' at offset 0xa940 contains 3 entries:
 Offset     Info    Type            Sym.Value  Sym. Name
00000005  00001002 R_ARM_ABS32       00000000   .debug_str
0000000b  00001002 R_ARM_ABS32       00000000   .debug_str
00000011  00001002 R_ARM_ABS32       00000000   .debug_str

Relocation section '.rel.debug_macro' at offset 0xa958 contains 59 entries:
 Offset     Info    Type            Sym.Value  Sym. Name
00000005  00001002 R_ARM_ABS32       00000000   .debug_str
0000000b  00001002 R_ARM_ABS32       00000000   .debug_str
00000011  00001002 R_ARM_ABS32       00000000   .debug_str
00000017  00001002 R_ARM_ABS32       00000000   .debug_str
0000001d  00001002 R_ARM_ABS32       00000000   .debug_str
00000023  00001002 R_ARM_ABS32       00000000   .debug_str
00000029  00001002 R_ARM_ABS32       00000000   .debug_str
0000002f  00001002 R_ARM_ABS32       00000000   .debug_str
00000035  00001002 R_ARM_ABS32       00000000   .debug_str
0000003b  00001002 R_ARM_ABS32       00000000   .debug_str
00000041  00001002 R_ARM_ABS32       00000000   .debug_str
00000047  00001002 R_ARM_ABS32       00000000   .debug_str
0000004d  00001002 R_ARM_ABS32       00000000   .debug_str
00000053  00001002 R_ARM_ABS32       00000000   .debug_str
00000059  00001002 R_ARM_ABS32       00000000   .debug_str
0000005f  00001002 R_ARM_ABS32       00000000   .debug_str
00000065  00001002 R_ARM_ABS32       00000000   .debug_str
0000006b  00001002 R_ARM_ABS32       00000000   .debug_str
00000071  00001002 R_ARM_ABS32       00000000   .debug_str
00000077  00001002 R_ARM_ABS32       00000000   .debug_str
0000007d  00001002 R_ARM_ABS32       00000000   .debug_str
00000083  00001002 R_ARM_ABS32       00000000   .debug_str
0000008a  00001002 R_ARM_ABS32       00000000   .debug_str
00000091  00001002 R_ARM_ABS32       00000000   .debug_str
00000098  00001002 R_ARM_ABS32       00000000   .debug_str
0000009f  00001002 R_ARM_ABS32       00000000   .debug_str
000000a6  00001002 R_ARM_ABS32       00000000   .debug_str
000000ad  00001002 R_ARM_ABS32       00000000   .debug_str
000000b4  00001002 R_ARM_ABS32       00000000   .debug_str
000000bb  00001002 R_ARM_ABS32       00000000   .debug_str
000000c2  00001002 R_ARM_ABS32       00000000   .debug_str
000000c9  00001002 R_ARM_ABS32       00000000   .debug_str
000000d0  00001002 R_ARM_ABS32       00000000   .debug_str
000000d7  00001002 R_ARM_ABS32       00000000   .debug_str
000000de  00001002 R_ARM_ABS32       00000000   .debug_str
000000e5  00001002 R_ARM_ABS32       00000000   .debug_str
000000ec  00001002 R_ARM_ABS32       00000000   .debug_str
000000f3  00001002 R_ARM_ABS32       00000000   .debug_str
000000fa  00001002 R_ARM_ABS32       00000000   .debug_str
00000101  00001002 R_ARM_ABS32       00000000   .debug_str
00000108  00001002 R_ARM_ABS32       00000000   .debug_str
0000010f  00001002 R_ARM_ABS32       00000000   .debug_str
00000116  00001002 R_ARM_ABS32       00000000   .debug_str
0000011d  00001002 R_ARM_ABS32       00000000   .debug_str
00000124  00001002 R_ARM_ABS32       00000000   .debug_str
0000012b  00001002 R_ARM_ABS32       00000000   .debug_str
00000132  00001002 R_ARM_ABS32       00000000   .debug_str
00000139  00001002 R_ARM_ABS32       00000000   .debug_str
00000140  00001002 R_ARM_ABS32       00000000   .debug_str
00000147  00001002 R_ARM_ABS32       00000000   .debug_str
0000014e  00001002 R_ARM_ABS32       00000000   .debug_str
00000155  00001002 R_ARM_ABS32       00000000   .debug_str
0000015c  00001002 R_ARM_ABS32       00000000   .debug_str
00000163  00001002 R_ARM_ABS32       00000000   .debug_str
0000016a  00001002 R_ARM_ABS32       00000000   .debug_str
00000171  00001002 R_ARM_ABS32       00000000   .debug_str
00000178  00001002 R_ARM_ABS32       00000000   .debug_str
0000017f  00001002 R_ARM_ABS32       00000000   .debug_str
00000186  00001002 R_ARM_ABS32       00000000   .debug_str

Relocation section '.rel.debug_line' at offset 0xab30 contains 1 entries:
 Offset     Info    Type            Sym.Value  Sym. Name
000002bd  00000202 R_ARM_ABS32       00000000   .text

Relocation section '.rel.debug_frame' at offset 0xab38 contains 4 entries:
 Offset     Info    Type            Sym.Value  Sym. Name
00000014  00002d02 R_ARM_ABS32       00000000   .debug_frame
00000018  00000202 R_ARM_ABS32       00000000   .text
00000034  00002d02 R_ARM_ABS32       00000000   .debug_frame
00000038  00000202 R_ARM_ABS32       00000000   .text

There are no unwind sections in this file.

Symbol table '.symtab' contains 108 entries:
   Num:    Value  Size Type    Bind   Vis      Ndx Name
     0: 00000000     0 NOTYPE  LOCAL  DEFAULT  UND 
     1: 00000000     0 FILE    LOCAL  DEFAULT  ABS main_ns.c
     2: 00000000     0 SECTION LOCAL  DEFAULT   28 
     3: 00000000     0 SECTION LOCAL  DEFAULT   30 
     4: 00000000     0 SECTION LOCAL  DEFAULT   31 
     5: 00000000     0 SECTION LOCAL  DEFAULT   32 
     6: 00000000     0 NOTYPE  LOCAL  DEFAULT   32 $d
     7: 00000000     0 NOTYPE  LOCAL  DEFAULT   28 $t
     8: 0000001c     0 NOTYPE  LOCAL  DEFAULT   28 $d
     9: 00000020     0 NOTYPE  LOCAL  DEFAULT   28 $t
    10: 00000054     0 NOTYPE  LOCAL  DEFAULT   28 $d
    11: 00000000     0 SECTION LOCAL  DEFAULT   33 
    12: 00000000     0 SECTION LOCAL  DEFAULT   35 
    13: 00000000     0 SECTION LOCAL  DEFAULT   36 
    14: 00000000     0 SECTION LOCAL  DEFAULT   38 
    15: 00000000     0 SECTION LOCAL  DEFAULT   94 
    16: 00000000     0 SECTION LOCAL  DEFAULT   96 
    17: 00000010     0 NOTYPE  LOCAL  DEFAULT   98 $d
    18: 00000000     0 SECTION LOCAL  DEFAULT   40 
    19: 00000000     0 SECTION LOCAL  DEFAULT   42 
    20: 00000000     0 SECTION LOCAL  DEFAULT   44 
    21: 00000000     0 SECTION LOCAL  DEFAULT   46 
    22: 00000000     0 SECTION LOCAL  DEFAULT   48 
    23: 00000000     0 SECTION LOCAL  DEFAULT   50 
    24: 00000000     0 SECTION LOCAL  DEFAULT   52 
    25: 00000000     0 SECTION LOCAL  DEFAULT   54 
    26: 00000000     0 SECTION LOCAL  DEFAULT   56 
    27: 00000000     0 SECTION LOCAL  DEFAULT   58 
    28: 00000000     0 SECTION LOCAL  DEFAULT   60 
    29: 00000000     0 SECTION LOCAL  DEFAULT   62 
    30: 00000000     0 SECTION LOCAL  DEFAULT   64 
    31: 00000000     0 SECTION LOCAL  DEFAULT   66 
    32: 00000000     0 SECTION LOCAL  DEFAULT   68 
    33: 00000000     0 SECTION LOCAL  DEFAULT   70 
    34: 00000000     0 SECTION LOCAL  DEFAULT   72 
    35: 00000000     0 SECTION LOCAL  DEFAULT   74 
    36: 00000000     0 SECTION LOCAL  DEFAULT   76 
    37: 00000000     0 SECTION LOCAL  DEFAULT   78 
    38: 00000000     0 SECTION LOCAL  DEFAULT   80 
    39: 00000000     0 SECTION LOCAL  DEFAULT   82 
    40: 00000000     0 SECTION LOCAL  DEFAULT   84 
    41: 00000000     0 SECTION LOCAL  DEFAULT   86 
    42: 00000000     0 SECTION LOCAL  DEFAULT   88 
    43: 00000000     0 SECTION LOCAL  DEFAULT   90 
    44: 00000000     0 SECTION LOCAL  DEFAULT   92 
    45: 00000000     0 SECTION LOCAL  DEFAULT   98 
    46: 00000000     0 NOTYPE  LOCAL  DEFAULT    1 wm4.0.564a0a72fe02fc0180b
    47: 00000000     0 NOTYPE  LOCAL  DEFAULT    2 wm4._newlib_version.h.4.a
    48: 00000000     0 NOTYPE  LOCAL  DEFAULT    3 wm4.newlib.h.21.0b9fc973b
    49: 00000000     0 NOTYPE  LOCAL  DEFAULT    4 wm4.features.h.22.5cdadbb
    50: 00000000     0 NOTYPE  LOCAL  DEFAULT    5 wm4.config.h.219.65a553ab
    51: 00000000     0 NOTYPE  LOCAL  DEFAULT    6 wm4._ansi.h.23.9f8fcfa201
    52: 00000000     0 NOTYPE  LOCAL  DEFAULT    7 wm4.stdio.h.31.7c0e28c411
    53: 00000000     0 NOTYPE  LOCAL  DEFAULT    8 wm4._default_types.h.6.35
    54: 00000000     0 NOTYPE  LOCAL  DEFAULT    9 wm4.stddef.h.187.2ff23355
    55: 00000000     0 NOTYPE  LOCAL  DEFAULT   10 wm4.cdefs.h.47.ba62642086
    56: 00000000     0 NOTYPE  LOCAL  DEFAULT   11 wm4.stddef.h.39.ec95e8fea
    57: 00000000     0 NOTYPE  LOCAL  DEFAULT   12 wm4.stdarg.h.34.3a23a216c
    58: 00000000     0 NOTYPE  LOCAL  DEFAULT   13 wm4.lock.h.2.9bc98482741e
    59: 00000000     0 NOTYPE  LOCAL  DEFAULT   14 wm4._types.h.125.5cf8a495
    60: 00000000     0 NOTYPE  LOCAL  DEFAULT   15 wm4.stddef.h.161.5349cb10
    61: 00000000     0 NOTYPE  LOCAL  DEFAULT   16 wm4._types.h.183.c226d164
    62: 00000000     0 NOTYPE  LOCAL  DEFAULT   17 wm4.reent.h.17.23b0595163
    63: 00000000     0 NOTYPE  LOCAL  DEFAULT   18 wm4.types.h.40.e8c16e7ec3
    64: 00000000     0 NOTYPE  LOCAL  DEFAULT   19 wm4._stdint.h.10.7a5f60e6
    65: 00000000     0 NOTYPE  LOCAL  DEFAULT   20 wm4._endian.h.31.65a10590
    66: 00000000     0 NOTYPE  LOCAL  DEFAULT   21 wm4.endian.h.9.49f3a4695c
    67: 00000000     0 NOTYPE  LOCAL  DEFAULT   22 wm4._timeval.h.30.0e8bfd9
    68: 00000000     0 NOTYPE  LOCAL  DEFAULT   23 wm4.timespec.h.41.d855182
    69: 00000000     0 NOTYPE  LOCAL  DEFAULT   24 wm4.select.h.30.bbece7fa4
    70: 00000000     0 NOTYPE  LOCAL  DEFAULT   25 wm4.types.h.69.ed3eae3cf7
    71: 00000000     0 NOTYPE  LOCAL  DEFAULT   26 wm4.stdio.h.2.4aa87247282
    72: 00000000     0 NOTYPE  LOCAL  DEFAULT   27 wm4.stdio.h.81.8188691c22
    73: 00000000     0 SECTION LOCAL  DEFAULT   97 
    74: 00000000     0 SECTION LOCAL  DEFAULT  100 
    75: 00000000     0 SECTION LOCAL  DEFAULT    1 
    76: 00000000     0 SECTION LOCAL  DEFAULT    2 
    77: 00000000     0 SECTION LOCAL  DEFAULT    3 
    78: 00000000     0 SECTION LOCAL  DEFAULT    4 
    79: 00000000     0 SECTION LOCAL  DEFAULT    5 
    80: 00000000     0 SECTION LOCAL  DEFAULT    6 
    81: 00000000     0 SECTION LOCAL  DEFAULT    7 
    82: 00000000     0 SECTION LOCAL  DEFAULT    8 
    83: 00000000     0 SECTION LOCAL  DEFAULT    9 
    84: 00000000     0 SECTION LOCAL  DEFAULT   10 
    85: 00000000     0 SECTION LOCAL  DEFAULT   11 
    86: 00000000     0 SECTION LOCAL  DEFAULT   12 
    87: 00000000     0 SECTION LOCAL  DEFAULT   13 
    88: 00000000     0 SECTION LOCAL  DEFAULT   14 
    89: 00000000     0 SECTION LOCAL  DEFAULT   15 
    90: 00000000     0 SECTION LOCAL  DEFAULT   16 
    91: 00000000     0 SECTION LOCAL  DEFAULT   17 
    92: 00000000     0 SECTION LOCAL  DEFAULT   18 
    93: 00000000     0 SECTION LOCAL  DEFAULT   19 
    94: 00000000     0 SECTION LOCAL  DEFAULT   20 
    95: 00000000     0 SECTION LOCAL  DEFAULT   21 
    96: 00000000     0 SECTION LOCAL  DEFAULT   22 
    97: 00000000     0 SECTION LOCAL  DEFAULT   23 
    98: 00000000     0 SECTION LOCAL  DEFAULT   24 
    99: 00000000     0 SECTION LOCAL  DEFAULT   25 
   100: 00000000     0 SECTION LOCAL  DEFAULT   26 
   101: 00000000     0 SECTION LOCAL  DEFAULT   27 
   102: 00000001    32 FUNC    GLOBAL DEFAULT   28 NonSecure_LED_On
   103: 00000000     0 NOTYPE  GLOBAL DEFAULT  UND puts
   104: 00000021    64 FUNC    GLOBAL DEFAULT   28 main
   105: 00000000     0 NOTYPE  GLOBAL DEFAULT  UND printf
   106: 00000000     0 NOTYPE  GLOBAL DEFAULT  UND Secure_LED_On_callback
   107: 00000000     0 NOTYPE  GLOBAL DEFAULT  UND Secure_LED_On

No version information found in this file.
Attribute Section: aeabi
File Attributes
  Tag_CPU_name: "8-M.BASE"
  Tag_CPU_arch: v8-M.baseline
  Tag_CPU_arch_profile: Microcontroller
  Tag_THUMB_ISA_use: Yes
  Tag_ABI_PCS_wchar_t: 4
  Tag_ABI_FP_denormal: Needed
  Tag_ABI_FP_exceptions: Needed
  Tag_ABI_FP_number_model: IEEE 754
  Tag_ABI_align_needed: 8-byte
  Tag_ABI_align_preserved: 8-byte, except leaf SP
  Tag_ABI_enum_size: small
  Tag_ABI_optimization_goals: Aggressive Debug
