
main_ns.o:     file format elf32-littlearm


Disassembly of section .text:

00000000 <NonSecure_LED_On>:
   0:	b580      	push	{r7, lr}
   2:	b082      	sub	sp, #8
   4:	af00      	add	r7, sp, #0
   6:	6078      	str	r0, [r7, #4]
   8:	4b04      	ldr	r3, [pc, #16]	; (1c <NonSecure_LED_On+0x1c>)
   a:	0018      	movs	r0, r3
   c:	f7ff fffe 	bl	0 <puts>
  10:	2300      	movs	r3, #0
  12:	0018      	movs	r0, r3
  14:	46bd      	mov	sp, r7
  16:	b002      	add	sp, #8
  18:	bd80      	pop	{r7, pc}
  1a:	46c0      	nop			; (mov r8, r8)
  1c:	00000000 	.word	0x00000000

00000020 <main>:
  20:	b580      	push	{r7, lr}
  22:	b082      	sub	sp, #8
  24:	af00      	add	r7, sp, #0
  26:	4b0b      	ldr	r3, [pc, #44]	; (54 <main+0x34>)
  28:	0018      	movs	r0, r3
  2a:	f7ff fffe 	bl	0 <printf>
  2e:	4b0a      	ldr	r3, [pc, #40]	; (58 <main+0x38>)
  30:	0018      	movs	r0, r3
  32:	f7ff fffe 	bl	0 <Secure_LED_On_callback>
  36:	2004      	movs	r0, #4
  38:	f7ff fffe 	bl	0 <Secure_LED_On>
  3c:	2300      	movs	r3, #0
  3e:	607b      	str	r3, [r7, #4]
  40:	e003      	b.n	4a <main+0x2a>
  42:	1c00      	adds	r0, r0, #0
  44:	687b      	ldr	r3, [r7, #4]
  46:	3301      	adds	r3, #1
  48:	607b      	str	r3, [r7, #4]
  4a:	687b      	ldr	r3, [r7, #4]
  4c:	4a03      	ldr	r2, [pc, #12]	; (5c <main+0x3c>)
  4e:	4293      	cmp	r3, r2
  50:	d9f7      	bls.n	42 <main+0x22>
  52:	e7f0      	b.n	36 <main+0x16>
  54:	0000002c 	.word	0x0000002c
  58:	00000000 	.word	0x00000000
  5c:	000fffff 	.word	0x000fffff
