ELF Header:
  Magic:   7f 45 4c 46 01 01 01 00 00 00 00 00 00 00 00 00 
  Class:                             ELF32
  Data:                              2's complement, little endian
  Version:                           1 (current)
  OS/ABI:                            UNIX - System V
  ABI Version:                       0
  Type:                              REL (Relocatable file)
  Machine:                           ARM
  Version:                           0x1
  Entry point address:               0x0
  Start of program headers:          0 (bytes into file)
  Start of section headers:          8412 (bytes into file)
  Flags:                             0x5000000, Version5 EABI
  Size of this header:               52 (bytes)
  Size of program headers:           0 (bytes)
  Number of program headers:         0
  Size of section headers:           40 (bytes)
  Number of section headers:         25
  Section header string table index: 22

Section Headers:
  [Nr] Name              Type            Addr     Off    Size   ES Flg Lk Inf Al
  [ 0]                   NULL            00000000 000000 000000 00      0   0  0
  [ 1] .text             PROGBITS        00000000 000034 000014 00  AX  0   0  1
  [ 2] .rel.text         REL             00000000 001ee4 000028 08   I 23   1  4
  [ 3] .data             PROGBITS        00000000 000048 000000 00  WA  0   0  1
  [ 4] .bss              NOBITS          00000000 000048 000000 00  WA  0   0  1
  [ 5] .stack            PROGBITS        00000000 000048 000c00 00      0   0  8
  [ 6] .heap             PROGBITS        00000000 000c48 000c00 00      0   0  8
  [ 7] .text.Reset_Handl PROGBITS        00000000 001848 000040 00  AX  0   0  4
  [ 8] .rel.text.Reset_H REL             00000000 001f0c 000038 08   I 23   7  4
  [ 9] .text.Default_Han PROGBITS        00000000 001888 000002 00  AX  0   0  2
  [10] .isr_vector       PROGBITS        00000000 00188c 000040 00   A  0   0  4
  [11] .rel.isr_vector   REL             00000000 001f44 000058 08   I 23  10  4
  [12] .debug_line       PROGBITS        00000000 0018cc 00006e 00      0   0  1
  [13] .rel.debug_line   REL             00000000 001f9c 000010 08   I 23  12  4
  [14] .debug_info       PROGBITS        00000000 00193a 000062 00      0   0  1
  [15] .rel.debug_info   REL             00000000 001fac 000018 08   I 23  14  4
  [16] .debug_abbrev     PROGBITS        00000000 00199c 000012 00      0   0  1
  [17] .debug_aranges    PROGBITS        00000000 0019b0 000028 00      0   0  8
  [18] .rel.debug_arange REL             00000000 001fc4 000018 08   I 23  17  4
  [19] .debug_ranges     PROGBITS        00000000 0019d8 000020 00      0   0  8
  [20] .rel.debug_ranges REL             00000000 001fdc 000020 08   I 23  19  4
  [21] .ARM.attributes   ARM_ATTRIBUTES  00000000 0019f8 000020 00      0   0  1
  [22] .shstrtab         STRTAB          00000000 001ffc 0000de 00      0   0  1
  [23] .symtab           SYMTAB          00000000 001a18 000350 10     24  25  4
  [24] .strtab           STRTAB          00000000 001d68 00017c 00      0   0  1
Key to Flags:
  W (write), A (alloc), X (execute), M (merge), S (strings), I (info),
  L (link order), O (extra OS processing required), G (group), T (TLS),
  C (compressed), x (unknown), o (OS specific), E (exclude),
  y (purecode), p (processor specific)

There are no section groups in this file.

There are no program headers in this file.

Relocation section '.rel.text' at offset 0x1ee4 contains 5 entries:
 Offset     Info    Type            Sym.Value  Sym. Name
00000000  00001b02 R_ARM_ABS32       00000000   _sidata
00000004  00001c02 R_ARM_ABS32       00000000   _sdata
00000008  00001d02 R_ARM_ABS32       00000000   _edata
0000000c  00001e02 R_ARM_ABS32       00000000   _sbss
00000010  00001f02 R_ARM_ABS32       00000000   _ebss

Relocation section '.rel.text.Reset_Handler' at offset 0x1f0c contains 7 entries:
 Offset     Info    Type            Sym.Value  Sym. Name
00000022  0000290a R_ARM_THM_CALL    00000000   SystemInit
00000026  00002a0a R_ARM_THM_CALL    00000000   main
0000002c  00002602 R_ARM_ABS32       00000000   _etext
00000030  00001c02 R_ARM_ABS32       00000000   _sdata
00000034  00001d02 R_ARM_ABS32       00000000   _edata
00000038  00002702 R_ARM_ABS32       00000000   __bss_start__
0000003c  00002802 R_ARM_ABS32       00000000   __bss_end__

Relocation section '.rel.isr_vector' at offset 0x1f44 contains 11 entries:
 Offset     Info    Type            Sym.Value  Sym. Name
00000000  00002b02 R_ARM_ABS32       00000000   _estack
00000004  00002502 R_ARM_ABS32       00000001   Reset_Handler
00000008  00002c02 R_ARM_ABS32       00000001   NMI_Handler
0000000c  00002d02 R_ARM_ABS32       00000001   HardFault_Handler
00000010  00002e02 R_ARM_ABS32       00000001   MemManage_Handler
00000014  00002f02 R_ARM_ABS32       00000001   BusFault_Handler
00000018  00003002 R_ARM_ABS32       00000001   UsageFault_Handler
0000002c  00003102 R_ARM_ABS32       00000001   SVC_Handler
00000030  00003202 R_ARM_ABS32       00000001   DebugMon_Handler
00000038  00003302 R_ARM_ABS32       00000001   PendSV_Handler
0000003c  00003402 R_ARM_ABS32       00000001   SysTick_Handler

Relocation section '.rel.debug_line' at offset 0x1f9c contains 2 entries:
 Offset     Info    Type            Sym.Value  Sym. Name
00000033  00000a02 R_ARM_ABS32       00000000   .text.Reset_Handler
00000061  00000c02 R_ARM_ABS32       00000000   .text.Default_Handler

Relocation section '.rel.debug_info' at offset 0x1fac contains 3 entries:
 Offset     Info    Type            Sym.Value  Sym. Name
00000006  00001302 R_ARM_ABS32       00000000   .debug_abbrev
0000000c  00001402 R_ARM_ABS32       00000000   .debug_line
00000010  00001502 R_ARM_ABS32       00000000   .debug_ranges

Relocation section '.rel.debug_aranges' at offset 0x1fc4 contains 3 entries:
 Offset     Info    Type            Sym.Value  Sym. Name
00000006  00001202 R_ARM_ABS32       00000000   .debug_info
00000010  00000a02 R_ARM_ABS32       00000000   .text.Reset_Handler
00000018  00000c02 R_ARM_ABS32       00000000   .text.Default_Handler

Relocation section '.rel.debug_ranges' at offset 0x1fdc contains 4 entries:
 Offset     Info    Type            Sym.Value  Sym. Name
00000008  00000a02 R_ARM_ABS32       00000000   .text.Reset_Handler
0000000c  00000a02 R_ARM_ABS32       00000000   .text.Reset_Handler
00000010  00000c02 R_ARM_ABS32       00000000   .text.Default_Handler
00000014  00000c02 R_ARM_ABS32       00000000   .text.Default_Handler

There are no unwind sections in this file.

Symbol table '.symtab' contains 53 entries:
   Num:    Value  Size Type    Bind   Vis      Ndx Name
     0: 00000000     0 NOTYPE  LOCAL  DEFAULT  UND 
     1: 00000000     0 SECTION LOCAL  DEFAULT    1 
     2: 00000000     0 SECTION LOCAL  DEFAULT    3 
     3: 00000000     0 SECTION LOCAL  DEFAULT    4 
     4: 00000000     0 SECTION LOCAL  DEFAULT    5 
     5: 00000000     0 NOTYPE  LOCAL  DEFAULT    5 $d
     6: 00000c00     0 NOTYPE  LOCAL  DEFAULT  ABS Stack_Size
     7: 00000000     0 SECTION LOCAL  DEFAULT    6 
     8: 00000000     0 NOTYPE  LOCAL  DEFAULT    6 $d
     9: 00000c00     0 NOTYPE  LOCAL  DEFAULT  ABS Heap_Size
    10: 00000000     0 SECTION LOCAL  DEFAULT    7 
    11: 00000000     0 NOTYPE  LOCAL  DEFAULT    7 $t
    12: 00000000     0 SECTION LOCAL  DEFAULT    9 
    13: 00000000     0 NOTYPE  LOCAL  DEFAULT    9 Infinite_Loop
    14: 00000000     0 NOTYPE  LOCAL  DEFAULT    9 $t
    15: 00000000     0 SECTION LOCAL  DEFAULT   10 
    16: 00000000     0 NOTYPE  LOCAL  DEFAULT   10 $d
    17: 0000002c     0 NOTYPE  LOCAL  DEFAULT    7 $d
    18: 00000000     0 SECTION LOCAL  DEFAULT   14 
    19: 00000000     0 SECTION LOCAL  DEFAULT   16 
    20: 00000000     0 SECTION LOCAL  DEFAULT   12 
    21: 00000000     0 SECTION LOCAL  DEFAULT   19 
    22: 00000000     0 NOTYPE  LOCAL  DEFAULT    1 $d
    23: 00000000     0 SECTION LOCAL  DEFAULT   17 
    24: 00000000     0 SECTION LOCAL  DEFAULT   21 
    25: 00000000     0 OBJECT  GLOBAL DEFAULT   10 g_pfnVectors
    26: 00000000     2 NOTYPE  GLOBAL DEFAULT    9 Default_Handler
    27: 00000000     0 NOTYPE  GLOBAL DEFAULT  UND _sidata
    28: 00000000     0 NOTYPE  GLOBAL DEFAULT  UND _sdata
    29: 00000000     0 NOTYPE  GLOBAL DEFAULT  UND _edata
    30: 00000000     0 NOTYPE  GLOBAL DEFAULT  UND _sbss
    31: 00000000     0 NOTYPE  GLOBAL DEFAULT  UND _ebss
    32: 00000000     0 NOTYPE  GLOBAL DEFAULT  UND __STACK_SIZE
    33: 00000c00     0 NOTYPE  GLOBAL DEFAULT    5 __StackTop
    34: 00000000  3072 NOTYPE  GLOBAL DEFAULT    5 __StackLimit
    35: 00000000  3072 NOTYPE  GLOBAL DEFAULT    6 __HeapBase
    36: 00000c00     0 NOTYPE  GLOBAL DEFAULT    6 __HeapLimit
    37: 00000001    44 FUNC    WEAK   DEFAULT    7 Reset_Handler
    38: 00000000     0 NOTYPE  GLOBAL DEFAULT  UND _etext
    39: 00000000     0 NOTYPE  GLOBAL DEFAULT  UND __bss_start__
    40: 00000000     0 NOTYPE  GLOBAL DEFAULT  UND __bss_end__
    41: 00000000     0 NOTYPE  GLOBAL DEFAULT  UND SystemInit
    42: 00000000     0 NOTYPE  GLOBAL DEFAULT  UND main
    43: 00000000     0 NOTYPE  GLOBAL DEFAULT  UND _estack
    44: 00000001     2 FUNC    WEAK   DEFAULT    9 NMI_Handler
    45: 00000001     2 FUNC    WEAK   DEFAULT    9 HardFault_Handler
    46: 00000001     2 FUNC    WEAK   DEFAULT    9 MemManage_Handler
    47: 00000001     2 FUNC    WEAK   DEFAULT    9 BusFault_Handler
    48: 00000001     2 FUNC    WEAK   DEFAULT    9 UsageFault_Handler
    49: 00000001     2 FUNC    WEAK   DEFAULT    9 SVC_Handler
    50: 00000001     2 FUNC    WEAK   DEFAULT    9 DebugMon_Handler
    51: 00000001     2 FUNC    WEAK   DEFAULT    9 PendSV_Handler
    52: 00000001     2 FUNC    WEAK   DEFAULT    9 SysTick_Handler

No version information found in this file.
Attribute Section: aeabi
File Attributes
  Tag_CPU_name: "8-M.BASE"
  Tag_CPU_arch: v8-M.baseline
  Tag_CPU_arch_profile: Microcontroller
  Tag_THUMB_ISA_use: Yes
