
startup.o:     file format elf32-littlearm


Disassembly of section .text:

00000000 <.text>:
	...

Disassembly of section .text.Reset_Handler:

00000000 <Reset_Handler>:
   0:	490a      	ldr	r1, [pc, #40]	; (2c <Reset_Handler+0x2c>)
   2:	4a0b      	ldr	r2, [pc, #44]	; (30 <Reset_Handler+0x30>)
   4:	4b0b      	ldr	r3, [pc, #44]	; (34 <Reset_Handler+0x34>)
   6:	1a9b      	subs	r3, r3, r2
   8:	dd03      	ble.n	12 <Reset_Handler+0x12>
   a:	3b04      	subs	r3, #4
   c:	58c8      	ldr	r0, [r1, r3]
   e:	50d0      	str	r0, [r2, r3]
  10:	dcfb      	bgt.n	a <Reset_Handler+0xa>
  12:	4909      	ldr	r1, [pc, #36]	; (38 <Reset_Handler+0x38>)
  14:	4a09      	ldr	r2, [pc, #36]	; (3c <Reset_Handler+0x3c>)
  16:	2000      	movs	r0, #0
  18:	1a52      	subs	r2, r2, r1
  1a:	dd02      	ble.n	22 <Reset_Handler+0x22>
  1c:	3a04      	subs	r2, #4
  1e:	5088      	str	r0, [r1, r2]
  20:	dcfc      	bgt.n	1c <Reset_Handler+0x1c>
  22:	f7ff fffe 	bl	0 <SystemInit>
  26:	f7ff fffe 	bl	0 <main>
  2a:	4770      	bx	lr
	...

Disassembly of section .text.Default_Handler:

00000000 <BusFault_Handler>:
   0:	e7fe      	b.n	0 <BusFault_Handler>
