ELF Header:
  Magic:   7f 45 4c 46 01 01 01 00 00 00 00 00 00 00 00 00 
  Class:                             ELF32
  Data:                              2's complement, little endian
  Version:                           1 (current)
  OS/ABI:                            UNIX - System V
  ABI Version:                       0
  Type:                              EXEC (Executable file)
  Machine:                           ARM
  Version:                           0x1
  Entry point address:               0x10040365
  Start of program headers:          52 (bytes into file)
  Start of section headers:          671792 (bytes into file)
  Flags:                             0x5000200, Version5 EABI, soft-float ABI
  Size of this header:               52 (bytes)
  Size of program headers:           32 (bytes)
  Number of program headers:         2
  Size of section headers:           40 (bytes)
  Number of section headers:         21
  Section header string table index: 18

Section Headers:
  [Nr] Name              Type            Addr     Off    Size   ES Flg Lk Inf Al
  [ 0]                   NULL            00000000 000000 000000 00      0   0  0
  [ 1] .text             PROGBITS        10040000 010000 0019a4 00  AX  0   0  8
  [ 2] .data             PROGBITS        30010000 020000 000064 00  WA  0   0  4
  [ 3] .bss              NOBITS          30010064 020064 0000e0 00  WA  0   0  4
  [ 4] .heap             PROGBITS        30010148 020068 000c00 00      0   0  8
  [ 5] .stack_dummy      PROGBITS        30010148 020c68 000c00 00      0   0  8
  [ 6] .debug_info       PROGBITS        00000000 021868 000f25 00      0   0  1
  [ 7] .debug_abbrev     PROGBITS        00000000 02278d 000443 00      0   0  1
  [ 8] .debug_aranges    PROGBITS        00000000 022bd0 000088 00      0   0  8
  [ 9] .debug_macro      PROGBITS        00000000 022c58 012ce5 00      0   0  1
  [10] .debug_line       PROGBITS        00000000 03593d 000aca 00      0   0  1
  [11] .debug_str        PROGBITS        00000000 036407 06af27 01  MS  0   0  1
  [12] .comment          PROGBITS        00000000 0a132e 00006e 01  MS  0   0  1
  [13] .ARM.attributes   ARM_ATTRIBUTES  00000000 0a139c 00002e 00      0   0  1
  [14] .debug_frame      PROGBITS        00000000 0a13cc 000aac 00      0   0  4
  [15] .debug_ranges     PROGBITS        00000000 0a1e78 000020 00      0   0  8
  [16] .stab             PROGBITS        00000000 0a1e98 00006c 0c     17   0  4
  [17] .stabstr          STRTAB          00000000 0a1f04 0000e3 00      0   0  1
  [18] .shstrtab         STRTAB          00000000 0a3f5e 0000cf 00      0   0  1
  [19] .symtab           SYMTAB          00000000 0a1fe8 0017e0 10     20 257  4
  [20] .strtab           STRTAB          00000000 0a37c8 000796 00      0   0  1
Key to Flags:
  W (write), A (alloc), X (execute), M (merge), S (strings), I (info),
  L (link order), O (extra OS processing required), G (group), T (TLS),
  C (compressed), x (unknown), o (OS specific), E (exclude),
  y (purecode), p (processor specific)

There are no section groups in this file.

Program Headers:
  Type           Offset   VirtAddr   PhysAddr   FileSiz MemSiz  Flg Align
  LOAD           0x010000 0x10040000 0x10040000 0x019a4 0x019a4 R E 0x10000
  LOAD           0x020000 0x30010000 0x100419a4 0x00064 0x00144 RW  0x10000

 Section to Segment mapping:
  Segment Sections...
   00     .text 
   01     .data .bss 

There is no dynamic section in this file.

There are no relocations in this file.

There are no unwind sections in this file.

Symbol table '.symtab' contains 382 entries:
   Num:    Value  Size Type    Bind   Vis      Ndx Name
     0: 00000000     0 NOTYPE  LOCAL  DEFAULT  UND 
     1: 10040000     0 SECTION LOCAL  DEFAULT    1 
     2: 30010000     0 SECTION LOCAL  DEFAULT    2 
     3: 30010064     0 SECTION LOCAL  DEFAULT    3 
     4: 30010148     0 SECTION LOCAL  DEFAULT    4 
     5: 30010148     0 SECTION LOCAL  DEFAULT    5 
     6: 00000000     0 SECTION LOCAL  DEFAULT    6 
     7: 00000000     0 SECTION LOCAL  DEFAULT    7 
     8: 00000000     0 SECTION LOCAL  DEFAULT    8 
     9: 00000000     0 SECTION LOCAL  DEFAULT    9 
    10: 00000000     0 SECTION LOCAL  DEFAULT   10 
    11: 00000000     0 SECTION LOCAL  DEFAULT   11 
    12: 00000000     0 SECTION LOCAL  DEFAULT   12 
    13: 00000000     0 SECTION LOCAL  DEFAULT   13 
    14: 00000000     0 SECTION LOCAL  DEFAULT   14 
    15: 00000000     0 SECTION LOCAL  DEFAULT   15 
    16: 00000000     0 SECTION LOCAL  DEFAULT   16 
    17: 00000000     0 SECTION LOCAL  DEFAULT   17 
    18: 00000000     0 FILE    LOCAL  DEFAULT  ABS startup.o
    19: 30010148     0 NOTYPE  LOCAL  DEFAULT    5 $d
    20: 00000c00     0 NOTYPE  LOCAL  DEFAULT  ABS Stack_Size
    21: 30010148     0 NOTYPE  LOCAL  DEFAULT    4 $d
    22: 00000c00     0 NOTYPE  LOCAL  DEFAULT  ABS Heap_Size
    23: 10040364     0 NOTYPE  LOCAL  DEFAULT    1 $t
    24: 100403a4     0 NOTYPE  LOCAL  DEFAULT    1 Infinite_Loop
    25: 100403a4     0 NOTYPE  LOCAL  DEFAULT    1 $t
    26: 10040000     0 NOTYPE  LOCAL  DEFAULT    1 $d
    27: 10040390     0 NOTYPE  LOCAL  DEFAULT    1 $d
    28: 100400c4     0 NOTYPE  LOCAL  DEFAULT    1 $d
    29: 00000000     0 FILE    LOCAL  DEFAULT  ABS main_ns.c
    30: 10041830     0 NOTYPE  LOCAL  DEFAULT    1 $d
    31: 10040040     0 NOTYPE  LOCAL  DEFAULT    1 $t
    32: 1004005c     0 NOTYPE  LOCAL  DEFAULT    1 $d
    33: 10040060     0 NOTYPE  LOCAL  DEFAULT    1 $t
    34: 10040094     0 NOTYPE  LOCAL  DEFAULT    1 $d
    35: 00000010     0 NOTYPE  LOCAL  DEFAULT   14 $d
    36: 00000000     0 FILE    LOCAL  DEFAULT  ABS system_TC8234.c
    37: 10041874     0 NOTYPE  LOCAL  DEFAULT    1 $d
    38: 100400a0     0 NOTYPE  LOCAL  DEFAULT    1 $t
    39: 100400bc     0 NOTYPE  LOCAL  DEFAULT    1 $d
    40: 00000060     0 NOTYPE  LOCAL  DEFAULT   14 $d
    41: 00000000     0 FILE    LOCAL  DEFAULT  ABS retarget.c
    42: 10041894     0 NOTYPE  LOCAL  DEFAULT    1 $d
    43: 100400d8     0 NOTYPE  LOCAL  DEFAULT    1 $t
    44: 100400d9   176 FUNC    LOCAL  DEFAULT    1 stackDump
    45: 10040168     0 NOTYPE  LOCAL  DEFAULT    1 $d
    46: 10040188     0 NOTYPE  LOCAL  DEFAULT    1 $t
    47: 100401a4     0 NOTYPE  LOCAL  DEFAULT    1 $d
    48: 100401a8     0 NOTYPE  LOCAL  DEFAULT    1 $t
    49: 100401ec     0 NOTYPE  LOCAL  DEFAULT    1 $d
    50: 100401f0     0 NOTYPE  LOCAL  DEFAULT    1 $t
    51: 10040298     0 NOTYPE  LOCAL  DEFAULT    1 $d
    52: 1004029c     0 NOTYPE  LOCAL  DEFAULT    1 $t
    53: 100402d4     0 NOTYPE  LOCAL  DEFAULT    1 $d
    54: 100402d8     0 NOTYPE  LOCAL  DEFAULT    1 $t
    55: 100402f4     0 NOTYPE  LOCAL  DEFAULT    1 $d
    56: 100402f8     0 NOTYPE  LOCAL  DEFAULT    1 $t
    57: 10040314     0 NOTYPE  LOCAL  DEFAULT    1 $d
    58: 10040318     0 NOTYPE  LOCAL  DEFAULT    1 $t
    59: 000000a8     0 NOTYPE  LOCAL  DEFAULT   14 $d
    60: 00000000     0 FILE    LOCAL  DEFAULT  ABS printf.c
    61: 100403a6     0 NOTYPE  LOCAL  DEFAULT    1 $t
    62: 100403cc     0 NOTYPE  LOCAL  DEFAULT    1 $t
    63: 100403f8     0 NOTYPE  LOCAL  DEFAULT    1 $d
    64: 0000022c     0 NOTYPE  LOCAL  DEFAULT   14 $d
    65: 00000000     0 FILE    LOCAL  DEFAULT  ABS puts.c
    66: 100403fc     0 NOTYPE  LOCAL  DEFAULT    1 $t
    67: 100404a8     0 NOTYPE  LOCAL  DEFAULT    1 $d
    68: 100404b4     0 NOTYPE  LOCAL  DEFAULT    1 $t
    69: 100404c4     0 NOTYPE  LOCAL  DEFAULT    1 $d
    70: 0000027c     0 NOTYPE  LOCAL  DEFAULT   14 $d
    71: 00000000     0 FILE    LOCAL  DEFAULT  ABS wbuf.c
    72: 100404c8     0 NOTYPE  LOCAL  DEFAULT    1 $t
    73: 10040564     0 NOTYPE  LOCAL  DEFAULT    1 $d
    74: 10040570     0 NOTYPE  LOCAL  DEFAULT    1 $t
    75: 10040580     0 NOTYPE  LOCAL  DEFAULT    1 $d
    76: 000002c0     0 NOTYPE  LOCAL  DEFAULT   14 $d
    77: 00000000     0 FILE    LOCAL  DEFAULT  ABS wsetup.c
    78: 10040584     0 NOTYPE  LOCAL  DEFAULT    1 $t
    79: 10040658     0 NOTYPE  LOCAL  DEFAULT    1 $d
    80: 00000308     0 NOTYPE  LOCAL  DEFAULT   14 $d
    81: 00000000     0 FILE    LOCAL  DEFAULT  ABS fflush.c
    82: 10040668     0 NOTYPE  LOCAL  DEFAULT    1 $t
    83: 10040768     0 NOTYPE  LOCAL  DEFAULT    1 $d
    84: 1004076c     0 NOTYPE  LOCAL  DEFAULT    1 $t
    85: 100407b4     0 NOTYPE  LOCAL  DEFAULT    1 $d
    86: 100407c0     0 NOTYPE  LOCAL  DEFAULT    1 $t
    87: 100407dc     0 NOTYPE  LOCAL  DEFAULT    1 $d
    88: 00000334     0 NOTYPE  LOCAL  DEFAULT   14 $d
    89: 00000000     0 FILE    LOCAL  DEFAULT  ABS findfp.c
    90: 100407e8     0 NOTYPE  LOCAL  DEFAULT    1 $t
    91: 100407e9     4 FUNC    LOCAL  DEFAULT    1 __fp_unlock
    92: 100407ec     0 NOTYPE  LOCAL  DEFAULT    1 $t
    93: 100407f8     0 NOTYPE  LOCAL  DEFAULT    1 $d
    94: 100407fc     0 NOTYPE  LOCAL  DEFAULT    1 $t
    95: 100407fd    72 FUNC    LOCAL  DEFAULT    1 std.isra.0
    96: 10040834     0 NOTYPE  LOCAL  DEFAULT    1 $d
    97: 10040844     0 NOTYPE  LOCAL  DEFAULT    1 $t
    98: 10040845     4 FUNC    LOCAL  DEFAULT    1 __fp_lock
    99: 10040848     0 NOTYPE  LOCAL  DEFAULT    1 $t
   100: 10040874     0 NOTYPE  LOCAL  DEFAULT    1 $t
   101: 10040880     0 NOTYPE  LOCAL  DEFAULT    1 $d
   102: 10040884     0 NOTYPE  LOCAL  DEFAULT    1 $t
   103: 100408e0     0 NOTYPE  LOCAL  DEFAULT    1 $d
   104: 100408e8     0 NOTYPE  LOCAL  DEFAULT    1 $t
   105: 1004095c     0 NOTYPE  LOCAL  DEFAULT    1 $d
   106: 10040960     0 NOTYPE  LOCAL  DEFAULT    1 $t
   107: 10040962     0 NOTYPE  LOCAL  DEFAULT    1 $t
   108: 10040964     0 NOTYPE  LOCAL  DEFAULT    1 $t
   109: 10040966     0 NOTYPE  LOCAL  DEFAULT    1 $t
   110: 10040968     0 NOTYPE  LOCAL  DEFAULT    1 $t
   111: 10040978     0 NOTYPE  LOCAL  DEFAULT    1 $d
   112: 10040980     0 NOTYPE  LOCAL  DEFAULT    1 $t
   113: 10040990     0 NOTYPE  LOCAL  DEFAULT    1 $d
   114: 1004190c     0 NOTYPE  LOCAL  DEFAULT    1 $d
   115: 1004192c     0 NOTYPE  LOCAL  DEFAULT    1 $d
   116: 1004194c     0 NOTYPE  LOCAL  DEFAULT    1 $d
   117: 0000039c     0 NOTYPE  LOCAL  DEFAULT   14 $d
   118: 00000000     0 FILE    LOCAL  DEFAULT  ABS fwalk.c
   119: 10040998     0 NOTYPE  LOCAL  DEFAULT    1 $t
   120: 100409ce     0 NOTYPE  LOCAL  DEFAULT    1 $t
   121: 000004dc     0 NOTYPE  LOCAL  DEFAULT   14 $d
   122: 00000000     0 FILE    LOCAL  DEFAULT  ABS impure.c
   123: 30010000     0 NOTYPE  LOCAL  DEFAULT    2 $d
   124: 30010000    96 OBJECT  LOCAL  DEFAULT    2 impure_data
   125: 30010060     0 NOTYPE  LOCAL  DEFAULT    2 $d
   126: 1004196c     0 NOTYPE  LOCAL  DEFAULT    1 $d
   127: 00000000     0 FILE    LOCAL  DEFAULT  ABS makebuf.c
   128: 10040a10     0 NOTYPE  LOCAL  DEFAULT    1 $t
   129: 10040a58     0 NOTYPE  LOCAL  DEFAULT    1 $d
   130: 10040a5c     0 NOTYPE  LOCAL  DEFAULT    1 $t
   131: 10040acc     0 NOTYPE  LOCAL  DEFAULT    1 $d
   132: 00000534     0 NOTYPE  LOCAL  DEFAULT   14 $d
   133: 00000000     0 FILE    LOCAL  DEFAULT  ABS memset.c
   134: 10040ad0     0 NOTYPE  LOCAL  DEFAULT    1 $t
   135: 00000588     0 NOTYPE  LOCAL  DEFAULT   14 $d
   136: 00000000     0 FILE    LOCAL  DEFAULT  ABS nano-mallocr.c
   137: 10040ae0     0 NOTYPE  LOCAL  DEFAULT    1 $t
   138: 10040b74     0 NOTYPE  LOCAL  DEFAULT    1 $d
   139: 000005a8     0 NOTYPE  LOCAL  DEFAULT   14 $d
   140: 00000000     0 FILE    LOCAL  DEFAULT  ABS nano-mallocr.c
   141: 10040b78     0 NOTYPE  LOCAL  DEFAULT    1 $t
   142: 10040c2c     0 NOTYPE  LOCAL  DEFAULT    1 $d
   143: 30010064     0 NOTYPE  LOCAL  DEFAULT    3 $d
   144: 30010068     0 NOTYPE  LOCAL  DEFAULT    3 $d
   145: 000005d4     0 NOTYPE  LOCAL  DEFAULT   14 $d
   146: 00000000     0 FILE    LOCAL  DEFAULT  ABS nano-vfprintf.c
   147: 10040c34     0 NOTYPE  LOCAL  DEFAULT    1 $t
   148: 10040c35    42 FUNC    LOCAL  DEFAULT    1 __sfputc_r
   149: 10040c5e     0 NOTYPE  LOCAL  DEFAULT    1 $t
   150: 10040c82     0 NOTYPE  LOCAL  DEFAULT    1 $t
   151: 10040c9c     0 NOTYPE  LOCAL  DEFAULT    1 $t
   152: 10040ea4     0 NOTYPE  LOCAL  DEFAULT    1 $d
   153: 10040ec4     0 NOTYPE  LOCAL  DEFAULT    1 $t
   154: 10040ed8     0 NOTYPE  LOCAL  DEFAULT    1 $d
   155: 00000600     0 NOTYPE  LOCAL  DEFAULT   14 $d
   156: 00000000     0 FILE    LOCAL  DEFAULT  ABS nano-vfprintf_i.c
   157: 10040edc     0 NOTYPE  LOCAL  DEFAULT    1 $t
   158: 10040fb8     0 NOTYPE  LOCAL  DEFAULT    1 $t
   159: 100411d8     0 NOTYPE  LOCAL  DEFAULT    1 $d
   160: 0000069c     0 NOTYPE  LOCAL  DEFAULT   14 $d
   161: 00000000     0 FILE    LOCAL  DEFAULT  ABS sbrkr.c
   162: 100411e0     0 NOTYPE  LOCAL  DEFAULT    1 $t
   163: 100411fc     0 NOTYPE  LOCAL  DEFAULT    1 $d
   164: 000006f0     0 NOTYPE  LOCAL  DEFAULT   14 $d
   165: 00000000     0 FILE    LOCAL  DEFAULT  ABS stdio.c
   166: 10041200     0 NOTYPE  LOCAL  DEFAULT    1 $t
   167: 10041224     0 NOTYPE  LOCAL  DEFAULT    1 $d
   168: 10041228     0 NOTYPE  LOCAL  DEFAULT    1 $t
   169: 1004122c     0 NOTYPE  LOCAL  DEFAULT    1 $t
   170: 10041260     0 NOTYPE  LOCAL  DEFAULT    1 $d
   171: 10041264     0 NOTYPE  LOCAL  DEFAULT    1 $t
   172: 1004128c     0 NOTYPE  LOCAL  DEFAULT    1 $d
   173: 10041290     0 NOTYPE  LOCAL  DEFAULT    1 $t
   174: 0000071c     0 NOTYPE  LOCAL  DEFAULT   14 $d
   175: 00000000     0 FILE    LOCAL  DEFAULT  ABS writer.c
   176: 1004129c     0 NOTYPE  LOCAL  DEFAULT    1 $t
   177: 100412bc     0 NOTYPE  LOCAL  DEFAULT    1 $d
   178: 000007ac     0 NOTYPE  LOCAL  DEFAULT   14 $d
   179: 00000000     0 FILE    LOCAL  DEFAULT  ABS closer.c
   180: 100412c0     0 NOTYPE  LOCAL  DEFAULT    1 $t
   181: 100412dc     0 NOTYPE  LOCAL  DEFAULT    1 $d
   182: 000007d8     0 NOTYPE  LOCAL  DEFAULT   14 $d
   183: 00000000     0 FILE    LOCAL  DEFAULT  ABS fstatr.c
   184: 100412e0     0 NOTYPE  LOCAL  DEFAULT    1 $t
   185: 10041300     0 NOTYPE  LOCAL  DEFAULT    1 $d
   186: 00000804     0 NOTYPE  LOCAL  DEFAULT   14 $d
   187: 00000000     0 FILE    LOCAL  DEFAULT  ABS fvwrite.c
   188: 10041304     0 NOTYPE  LOCAL  DEFAULT    1 $t
   189: 100415bc     0 NOTYPE  LOCAL  DEFAULT    1 $d
   190: 00000830     0 NOTYPE  LOCAL  DEFAULT   14 $d
   191: 00000000     0 FILE    LOCAL  DEFAULT  ABS isattyr.c
   192: 100415c8     0 NOTYPE  LOCAL  DEFAULT    1 $t
   193: 100415e4     0 NOTYPE  LOCAL  DEFAULT    1 $d
   194: 00000860     0 NOTYPE  LOCAL  DEFAULT   14 $d
   195: 00000000     0 FILE    LOCAL  DEFAULT  ABS lseekr.c
   196: 100415e8     0 NOTYPE  LOCAL  DEFAULT    1 $t
   197: 10041608     0 NOTYPE  LOCAL  DEFAULT    1 $d
   198: 0000088c     0 NOTYPE  LOCAL  DEFAULT   14 $d
   199: 00000000     0 FILE    LOCAL  DEFAULT  ABS memchr-stub.c
   200: 1004160c     0 NOTYPE  LOCAL  DEFAULT    1 $t
   201: 000008b8     0 NOTYPE  LOCAL  DEFAULT   14 $d
   202: 00000000     0 FILE    LOCAL  DEFAULT  ABS memcpy-stub.c
   203: 10041622     0 NOTYPE  LOCAL  DEFAULT    1 $t
   204: 000008d8     0 NOTYPE  LOCAL  DEFAULT   14 $d
   205: 00000000     0 FILE    LOCAL  DEFAULT  ABS memmove.c
   206: 10041634     0 NOTYPE  LOCAL  DEFAULT    1 $t
   207: 00000900     0 NOTYPE  LOCAL  DEFAULT   14 $d
   208: 00000000     0 FILE    LOCAL  DEFAULT  ABS mlock.c
   209: 1004165e     0 NOTYPE  LOCAL  DEFAULT    1 $t
   210: 10041660     0 NOTYPE  LOCAL  DEFAULT    1 $t
   211: 00000928     0 NOTYPE  LOCAL  DEFAULT   14 $d
   212: 00000000     0 FILE    LOCAL  DEFAULT  ABS nano-mallocr.c
   213: 10041662     0 NOTYPE  LOCAL  DEFAULT    1 $t
   214: 00000958     0 NOTYPE  LOCAL  DEFAULT   14 $d
   215: 00000000     0 FILE    LOCAL  DEFAULT  ABS readr.c
   216: 100416ac     0 NOTYPE  LOCAL  DEFAULT    1 $t
   217: 100416cc     0 NOTYPE  LOCAL  DEFAULT    1 $d
   218: 00000988     0 NOTYPE  LOCAL  DEFAULT   14 $d
   219: 00000000     0 FILE    LOCAL  DEFAULT  ABS reent.c
   220: 100416d0     0 NOTYPE  LOCAL  DEFAULT    1 $t
   221: 100416e8     0 NOTYPE  LOCAL  DEFAULT    1 $t
   222: 10041794     0 NOTYPE  LOCAL  DEFAULT    1 $d
   223: 000009b4     0 NOTYPE  LOCAL  DEFAULT   14 $d
   224: 00000000     0 FILE    LOCAL  DEFAULT  ABS nano-mallocr.c
   225: 10041798     0 NOTYPE  LOCAL  DEFAULT    1 $t
   226: 000009fc     0 NOTYPE  LOCAL  DEFAULT   14 $d
   227: 00000000     0 FILE    LOCAL  DEFAULT  ABS close.c
   228: 100417b0     0 NOTYPE  LOCAL  DEFAULT    1 $t
   229: 100417bc     0 NOTYPE  LOCAL  DEFAULT    1 $d
   230: 00000a1c     0 NOTYPE  LOCAL  DEFAULT   14 $d
   231: 00000000     0 FILE    LOCAL  DEFAULT  ABS fstat.c
   232: 100417c0     0 NOTYPE  LOCAL  DEFAULT    1 $t
   233: 100417cc     0 NOTYPE  LOCAL  DEFAULT    1 $d
   234: 00000a3c     0 NOTYPE  LOCAL  DEFAULT   14 $d
   235: 00000000     0 FILE    LOCAL  DEFAULT  ABS isatty.c
   236: 100417d0     0 NOTYPE  LOCAL  DEFAULT    1 $t
   237: 100417dc     0 NOTYPE  LOCAL  DEFAULT    1 $d
   238: 00000a5c     0 NOTYPE  LOCAL  DEFAULT   14 $d
   239: 00000000     0 FILE    LOCAL  DEFAULT  ABS lseek.c
   240: 100417e0     0 NOTYPE  LOCAL  DEFAULT    1 $t
   241: 100417ec     0 NOTYPE  LOCAL  DEFAULT    1 $d
   242: 00000a7c     0 NOTYPE  LOCAL  DEFAULT   14 $d
   243: 00000000     0 FILE    LOCAL  DEFAULT  ABS sbrk.c
   244: 100417f0     0 NOTYPE  LOCAL  DEFAULT    1 $t
   245: 10041804     0 NOTYPE  LOCAL  DEFAULT    1 $d
   246: 3001006c     0 NOTYPE  LOCAL  DEFAULT    3 $d
   247: 3001006c     4 OBJECT  LOCAL  DEFAULT    3 heap_end.4168
   248: 00000a9c     0 NOTYPE  LOCAL  DEFAULT   14 $d
   249: 10041970     0 NOTYPE  LOCAL  DEFAULT    1 $d
   250: 10041981     0 NOTYPE  LOCAL  DEFAULT    1 $d
   251: 10041811    16 FUNC    LOCAL  DEFAULT    1 __Secure_LED_On_callback_
   252: 10041810     0 NOTYPE  LOCAL  DEFAULT    1 $t
   253: 1004181c     0 NOTYPE  LOCAL  DEFAULT    1 $d
   254: 10041821    16 FUNC    LOCAL  DEFAULT    1 __Secure_LED_On_veneer
   255: 10041820     0 NOTYPE  LOCAL  DEFAULT    1 $t
   256: 1004182c     0 NOTYPE  LOCAL  DEFAULT    1 $d
   257: 10041799    22 FUNC    GLOBAL DEFAULT    1 _malloc_usable_size_r
   258: 30010148  3072 NOTYPE  GLOBAL DEFAULT    4 __HeapBase
   259: 100415c9    32 FUNC    GLOBAL DEFAULT    1 _isatty_r
   260: 1004029d    24 FUNC    GLOBAL DEFAULT    1 SendChar
   261: 100416d1    24 FUNC    GLOBAL DEFAULT    1 cleanup_glue
   262: 100403fd   184 FUNC    GLOBAL DEFAULT    1 _puts_r
   263: 100415e9    36 FUNC    GLOBAL DEFAULT    1 _lseek_r
   264: 100403a5     2 FUNC    WEAK   DEFAULT    1 DebugMon_Handler
   265: 100403cd    48 FUNC    GLOBAL DEFAULT    1 printf
   266: 10041265    44 FUNC    GLOBAL DEFAULT    1 __sseek
   267: 10040885   100 FUNC    GLOBAL DEFAULT    1 __sinit
   268: 100404c9   168 FUNC    GLOBAL DEFAULT    1 __swbuf_r
   269: 100403a5     2 FUNC    WEAK   DEFAULT    1 HardFault_Handler
   270: 100402b5    36 FUNC    GLOBAL DEFAULT    1 GetChar
   271: 10040849    44 FUNC    GLOBAL DEFAULT    1 __sfmoreglue
   272: 10041661     2 FUNC    GLOBAL DEFAULT    1 __malloc_unlock
   273: 100403a5     2 FUNC    WEAK   DEFAULT    1 SysTick_Handler
   274: 10041635    42 FUNC    GLOBAL DEFAULT    1 memmove
   275: 100419a4     0 NOTYPE  GLOBAL DEFAULT    1 _sidata
   276: 10040875    16 FUNC    GLOBAL DEFAULT    1 _cleanup
   277: 100403a5     2 FUNC    WEAK   DEFAULT    1 PendSV_Handler
   278: 100403a5     2 FUNC    WEAK   DEFAULT    1 NMI_Handler
   279: 100412e1    36 FUNC    GLOBAL DEFAULT    1 _fstat_r
   280: 100401a9    72 FUNC    GLOBAL DEFAULT    1 SendChar_ToUART
   281: 30010140     4 OBJECT  GLOBAL DEFAULT    3 errno
   282: 10041229     4 FUNC    GLOBAL DEFAULT    1 __seofread
   283: 100419a4     0 NOTYPE  GLOBAL DEFAULT    1 _etext
   284: 30010064     0 NOTYPE  GLOBAL DEFAULT    3 _sbss
   285: 10041623    18 FUNC    GLOBAL DEFAULT    1 memcpy
   286: 100407ed    16 FUNC    GLOBAL DEFAULT    1 _cleanup_r
   287: 100404b5    20 FUNC    GLOBAL DEFAULT    1 puts
   288: 100403a7    38 FUNC    GLOBAL DEFAULT    1 _printf_r
   289: 100417c1    16 FUNC    GLOBAL DEFAULT    1 _fstat
   290: 100403a5     2 FUNC    WEAK   DEFAULT    1 UsageFault_Handler
   291: 0003f801     8 FUNC    GLOBAL DEFAULT  ABS Secure_LED_Off_callback
   292: 30010d48     0 NOTYPE  GLOBAL DEFAULT    4 __HeapLimit
   293: 30010064     0 NOTYPE  GLOBAL DEFAULT    3 __bss_start__
   294: 10041305   708 FUNC    GLOBAL DEFAULT    1 __sfvwrite_r
   295: 30010000     0 NOTYPE  GLOBAL DEFAULT    2 _sdata
   296: 100402d9    32 FUNC    GLOBAL DEFAULT    1 kbhit
   297: 100411e1    32 FUNC    GLOBAL DEFAULT    1 _sbrk_r
   298: 100416ad    36 FUNC    GLOBAL DEFAULT    1 _read_r
   299: 100407c1    40 FUNC    GLOBAL DEFAULT    1 fflush
   300: 100417d1    16 FUNC    GLOBAL DEFAULT    1 _isatty
   301: 1004196c     4 OBJECT  GLOBAL DEFAULT    1 _global_impure_ptr
   302: 10041663    72 FUNC    GLOBAL DEFAULT    1 _realloc_r
   303: 100417f1    28 FUNC    GLOBAL DEFAULT    1 _sbrk
   304: 0003f809     8 FUNC    GLOBAL DEFAULT  ABS Secure_LED_Off
   305: 10040969    24 FUNC    GLOBAL DEFAULT    1 __fp_lock_all
   306: 30010144     0 NOTYPE  GLOBAL DEFAULT    3 _ebss
   307: 10040365    44 FUNC    WEAK   DEFAULT    1 Reset_Handler
   308: 100416e9   176 FUNC    GLOBAL DEFAULT    1 _reclaim_reent
   309: 1004194c    32 OBJECT  GLOBAL DEFAULT    1 __sf_fake_stderr
   310: 30010148     0 NOTYPE  GLOBAL DEFAULT    4 end
   311: 10040c5f    36 FUNC    GLOBAL DEFAULT    1 __sfputs_r
   312: 10040961     2 FUNC    GLOBAL DEFAULT    1 __sfp_lock_acquire
   313: 1004160d    22 FUNC    GLOBAL DEFAULT    1 memchr
   314: 00000000     0 NOTYPE  WEAK   DEFAULT  UND _printf_float
   315: 30010144     0 NOTYPE  GLOBAL DEFAULT    3 __bss_end__
   316: 00000000     0 NOTYPE  GLOBAL DEFAULT  UND __STACK_SIZE
   317: 10040ae1   152 FUNC    GLOBAL DEFAULT    1 _free_r
   318: 30010070   104 OBJECT  GLOBAL DEFAULT    3 __stdin
   319: 100403a4     2 NOTYPE  GLOBAL DEFAULT    1 Default_Handler
   320: 100417e1    16 FUNC    GLOBAL DEFAULT    1 _lseek
   321: 100403a7    38 FUNC    GLOBAL DEFAULT    1 _iprintf_r
   322: 100412c1    32 FUNC    GLOBAL DEFAULT    1 _close_r
   323: 10040585   228 FUNC    GLOBAL DEFAULT    1 __swsetup_r
   324: 100408e9   120 FUNC    GLOBAL DEFAULT    1 __sfp
   325: 10040967     2 FUNC    GLOBAL DEFAULT    1 __sinit_lock_release
   326: 10041201    40 FUNC    GLOBAL DEFAULT    1 __sread
   327: 1004165f     2 FUNC    GLOBAL DEFAULT    1 __malloc_lock
   328: 1004076d    84 FUNC    GLOBAL DEFAULT    1 _fflush_r
   329: 1004190c    32 OBJECT  GLOBAL DEFAULT    1 __sf_fake_stdin
   330: 10040ad1    16 FUNC    GLOBAL DEFAULT    1 memset
   331: 100403a5     2 FUNC    WEAK   DEFAULT    1 MemManage_Handler
   332: 10040061    64 FUNC    GLOBAL DEFAULT    1 main
   333: 10040571    20 FUNC    GLOBAL DEFAULT    1 __swbuf
   334: 100403a5     2 FUNC    WEAK   DEFAULT    1 SVC_Handler
   335: 10041291    12 FUNC    GLOBAL DEFAULT    1 __sclose
   336: 10040b79   188 FUNC    GLOBAL DEFAULT    1 _malloc_r
   337: 0003f811     8 FUNC    GLOBAL DEFAULT  ABS Secure_LED_On_callback
   338: 10040999    54 FUNC    GLOBAL DEFAULT    1 _fwalk
   339: 30010148     0 NOTYPE  GLOBAL DEFAULT    4 __end__
   340: 10040ec5    24 FUNC    GLOBAL DEFAULT    1 vfiprintf
   341: 100400ad    24 FUNC    GLOBAL DEFAULT    1 SystemInit
   342: 100403cd    48 FUNC    GLOBAL DEFAULT    1 iprintf
   343: 1004034d    22 FUNC    GLOBAL DEFAULT    1 fgetc
   344: 1004129d    36 FUNC    GLOBAL DEFAULT    1 _write_r
   345: 30018000     0 NOTYPE  GLOBAL DEFAULT    3 __StackTop
   346: 10040edd   218 FUNC    GLOBAL DEFAULT    1 _printf_common
   347: 30010060     4 OBJECT  GLOBAL DEFAULT    2 _impure_ptr
   348: 10040669   260 FUNC    GLOBAL DEFAULT    1 __sflush_r
   349: 10040981    24 FUNC    GLOBAL DEFAULT    1 __fp_unlock_all
   350: 10040331    28 FUNC    GLOBAL DEFAULT    1 fputc
   351: 10040041    32 FUNC    GLOBAL DEFAULT    1 NonSecure_LED_On
   352: 100402f9    32 FUNC    GLOBAL DEFAULT    1 IsDebugFifoEmpty
   353: 10040a11    76 FUNC    GLOBAL DEFAULT    1 __swhatbuf_r
   354: 30018000     0 NOTYPE  GLOBAL DEFAULT  ABS _estack
   355: 0003f819     8 FUNC    GLOBAL DEFAULT  ABS Secure_LED_On
   356: 100401f1    56 FUNC    GLOBAL DEFAULT    1 _write
   357: 300100d8   104 OBJECT  GLOBAL DEFAULT    3 __stdout
   358: 30010064     0 NOTYPE  GLOBAL DEFAULT    2 _edata
   359: 10040189    32 FUNC    GLOBAL DEFAULT    1 Hard_Fault_Handler
   360: 30017400  3072 NOTYPE  GLOBAL DEFAULT  ABS __StackLimit
   361: 1004122d    56 FUNC    GLOBAL DEFAULT    1 __swrite
   362: 10041874    32 OBJECT  GLOBAL DEFAULT    1 gau32ClkSrcTbl
   363: 10040c9d   552 FUNC    GLOBAL DEFAULT    1 _vfiprintf_r
   364: 10040000     0 OBJECT  GLOBAL DEFAULT    1 g_pfnVectors
   365: 100409cf    64 FUNC    GLOBAL DEFAULT    1 _fwalk_reent
   366: 100400a1    10 FUNC    GLOBAL DEFAULT    1 SystemCoreClockUpdate
   367: 10040963     2 FUNC    GLOBAL DEFAULT    1 __sfp_lock_release
   368: 1004192c    32 OBJECT  GLOBAL DEFAULT    1 __sf_fake_stdout
   369: 10040229   116 FUNC    GLOBAL DEFAULT    1 _read
   370: 100403a5     2 FUNC    WEAK   DEFAULT    1 BusFault_Handler
   371: 10040a5d   116 FUNC    GLOBAL DEFAULT    1 __smakebuf_r
   372: 10040319    24 FUNC    GLOBAL DEFAULT    1 _ttywrch
   373: 10040fb9   552 FUNC    GLOBAL DEFAULT    1 _printf_i
   374: 30010064     4 OBJECT  GLOBAL DEFAULT    3 __malloc_sbrk_start
   375: 10040c83    26 FUNC    GLOBAL DEFAULT    1 __sprint_r
   376: 30010068     4 OBJECT  GLOBAL DEFAULT    3 __malloc_free_list
   377: 10040c9d   552 FUNC    GLOBAL DEFAULT    1 _vfprintf_r
   378: 10040ec5    24 FUNC    GLOBAL DEFAULT    1 vfprintf
   379: 100417b1    16 FUNC    GLOBAL DEFAULT    1 _close
   380: 0003f821     8 FUNC    GLOBAL DEFAULT  ABS GetSystemCoreClock
   381: 10040965     2 FUNC    GLOBAL DEFAULT    1 __sinit_lock_acquire

No version information found in this file.
Attribute Section: aeabi
File Attributes
  Tag_CPU_name: "8-M.BASE"
  Tag_CPU_arch: v8-M.baseline
  Tag_CPU_arch_profile: Microcontroller
  Tag_THUMB_ISA_use: Yes
  Tag_ABI_PCS_wchar_t: 4
  Tag_ABI_FP_denormal: Needed
  Tag_ABI_FP_exceptions: Needed
  Tag_ABI_FP_number_model: IEEE 754
  Tag_ABI_align_needed: 8-byte
  Tag_ABI_enum_size: small
  Tag_ABI_optimization_goals: Aggressive Debug
